

Microchip MPLAB XC8 Assembler V3.00 build 20241204225717 
                                                                                               Mon Mar 10 10:09:44 2025

Microchip MPLAB XC8 C Compiler v3.00 (Free license) build 20241204225717 Og1 
     1                           	processor	16F628A
     2                           	pagewidth 120
     3                           	opt	flic
     4                           	psect	cinit,global,class=CODE,space=0,merge=1,delta=2
     5                           	psect	cstackCOMMON,global,class=COMMON,space=1,delta=1,noexec
     6                           	psect	maintext,global,class=CODE,space=0,split=1,delta=2
     7                           	psect	config,global,abs,ovrld,class=CONFIG,space=4,delta=2,noexec
     8                           	dabs	1,0x7E,2
     9     0000                     
    10                           ; Generated 12/10/2023 GMT
    11                           ; 
    12                           ; Copyright © 2023, Microchip Technology Inc. and its subsidiaries ("Microchip")
    13                           ; All rights reserved.
    14                           ; 
    15                           ; This software is developed by Microchip Technology Inc. and its subsidiaries ("Microch
      +                          ip").
    16                           ; 
    17                           ; Redistribution and use in source and binary forms, with or without modification, are
    18                           ; permitted provided that the following conditions are met:
    19                           ; 
    20                           ;     1. Redistributions of source code must retain the above copyright notice, this lis
      +                          t of
    21                           ;        conditions and the following disclaimer.
    22                           ; 
    23                           ;     2. Redistributions in binary form must reproduce the above copyright notice, this 
      +                          list
    24                           ;        of conditions and the following disclaimer in the documentation and/or other
    25                           ;        materials provided with the distribution. Publication is not required when
    26                           ;        this file is used in an embedded application.
    27                           ; 
    28                           ;     3. Microchip's name may not be used to endorse or promote products derived from th
      +                          is
    29                           ;        software without specific prior written permission.
    30                           ; 
    31                           ; THIS SOFTWARE IS PROVIDED BY MICROCHIP "AS IS" AND ANY EXPRESS OR IMPLIED WARRANTIES,
    32                           ; INCLUDING, BUT NOT LIMITED TO, THE IMPLIED WARRANTIES OF MERCHANTABILITY AND FITNESS F
      +                          OR
    33                           ; PURPOSE ARE DISCLAIMED.  IN NO EVENT SHALL MICROCHIP BE LIABLE FOR ANY DIRECT, INDIREC
      +                          T,
    34                           ; INCIDENTAL, SPECIAL, EXEMPLARY, OR CONSEQUENTIAL DAMAGES (INCLUDING BUT NOT LIMITED TO
    35                           ; PROCUREMENT OF SUBSTITUTE GOODS OR SERVICES; LOSS OF USE, DATA OR PROFITS; OR BUSINESS
    36                           ; INTERRUPTION) HOWSOEVER CAUSED AND ON ANY THEORY OF LIABILITY, WHETHER IN CONTRACT, ST
      +                          RICT
    37                           ; LIABILITY, OR TORT (INCLUDING NEGLIGENCE OR OTHERWISE) ARISING IN ANY WAY OUT OF THE U
      +                          SE OF
    38                           ; THIS SOFTWARE, EVEN IF ADVISED OF THE POSSIBILITY OF SUCH DAMAGE.
    39                           ; 
    40                           ; 
    41                           ; Code-generator required, PIC16F628A Definitions
    42                           ; 
    43                           ; SFR Addresses
    44     0004                     fsr             equ	4
    45     0004                     fsr0            equ	4
    46     0000                     indf            equ	0
    47     0000                     indf0           equ	0
    48     0002                     pc              equ	2
    49     0002                     pcl             equ	2
    50     000A                     pclath          equ	10
    51     0003                     status          equ	3
    52     0000                     INDF            equ	0	;# 
    53     0001                     TMR0            equ	1	;# 
    54     0002                     PCL             equ	2	;# 
    55     0003                     STATUS          equ	3	;# 
    56     0004                     FSR             equ	4	;# 
    57     0005                     PORTA           equ	5	;# 
    58     0006                     PORTB           equ	6	;# 
    59     000A                     PCLATH          equ	10	;# 
    60     000B                     INTCON          equ	11	;# 
    61     000C                     PIR1            equ	12	;# 
    62     000E                     TMR1            equ	14	;# 
    63     000E                     TMR1L           equ	14	;# 
    64     000F                     TMR1H           equ	15	;# 
    65     0010                     T1CON           equ	16	;# 
    66     0011                     TMR2            equ	17	;# 
    67     0012                     T2CON           equ	18	;# 
    68     0015                     CCPR1           equ	21	;# 
    69     0015                     CCPR1L          equ	21	;# 
    70     0016                     CCPR1H          equ	22	;# 
    71     0017                     CCP1CON         equ	23	;# 
    72     0018                     RCSTA           equ	24	;# 
    73     0019                     TXREG           equ	25	;# 
    74     001A                     RCREG           equ	26	;# 
    75     001F                     CMCON           equ	31	;# 
    76     0081                     OPTION_REG      equ	129	;# 
    77     0085                     TRISA           equ	133	;# 
    78     0086                     TRISB           equ	134	;# 
    79     008C                     PIE1            equ	140	;# 
    80     008E                     PCON            equ	142	;# 
    81     0092                     PR2             equ	146	;# 
    82     0098                     TXSTA           equ	152	;# 
    83     0099                     SPBRG           equ	153	;# 
    84     009A                     EEDATA          equ	154	;# 
    85     009B                     EEADR           equ	155	;# 
    86     009C                     EECON1          equ	156	;# 
    87     009D                     EECON2          equ	157	;# 
    88     009F                     VRCON           equ	159	;# 
    89     0000                     INDF            equ	0	;# 
    90     0001                     TMR0            equ	1	;# 
    91     0002                     PCL             equ	2	;# 
    92     0003                     STATUS          equ	3	;# 
    93     0004                     FSR             equ	4	;# 
    94     0005                     PORTA           equ	5	;# 
    95     0006                     PORTB           equ	6	;# 
    96     000A                     PCLATH          equ	10	;# 
    97     000B                     INTCON          equ	11	;# 
    98     000C                     PIR1            equ	12	;# 
    99     000E                     TMR1            equ	14	;# 
   100     000E                     TMR1L           equ	14	;# 
   101     000F                     TMR1H           equ	15	;# 
   102     0010                     T1CON           equ	16	;# 
   103     0011                     TMR2            equ	17	;# 
   104     0012                     T2CON           equ	18	;# 
   105     0015                     CCPR1           equ	21	;# 
   106     0015                     CCPR1L          equ	21	;# 
   107     0016                     CCPR1H          equ	22	;# 
   108     0017                     CCP1CON         equ	23	;# 
   109     0018                     RCSTA           equ	24	;# 
   110     0019                     TXREG           equ	25	;# 
   111     001A                     RCREG           equ	26	;# 
   112     001F                     CMCON           equ	31	;# 
   113     0081                     OPTION_REG      equ	129	;# 
   114     0085                     TRISA           equ	133	;# 
   115     0086                     TRISB           equ	134	;# 
   116     008C                     PIE1            equ	140	;# 
   117     008E                     PCON            equ	142	;# 
   118     0092                     PR2             equ	146	;# 
   119     0098                     TXSTA           equ	152	;# 
   120     0099                     SPBRG           equ	153	;# 
   121     009A                     EEDATA          equ	154	;# 
   122     009B                     EEADR           equ	155	;# 
   123     009C                     EECON1          equ	156	;# 
   124     009D                     EECON2          equ	157	;# 
   125     009F                     VRCON           equ	159	;# 
   126     0005                     _PORTAbits      set	5
   127     0005                     _PORTA          set	5
   128     0085                     _TRISA          set	133
   129                           
   130                           	psect	cinit
   131     07FE                     start_initialization:	
   132                           ; #config settings
   133                           
   134     07FE                     __initialization:
   135     07FE                     end_of_initialization:	
   136                           ;End of C runtime variable initialization code
   137                           
   138     07FE                     __end_of__initialization:
   139     07FE  0183               	clrf	3
   140     07FF  2FC2               	ljmp	_main	;jump to C main() function
   141                           
   142                           	psect	cstackCOMMON
   143     0071                     __pcstackCOMMON:
   144     0071                     ?_main:
   145     0071                     ??_main:	
   146                           ; 1 bytes @ 0x0
   147                           
   148                           
   149                           ; 1 bytes @ 0x0
   150     0071                     	ds	3
   151                           
   152                           	psect	maintext
   153     07C2                     __pmaintext:	
   154 ;;
   155 ;;Main: autosize = 0, tempsize = 3, incstack = 0, save=0
   156 ;;
   157 ;; *************** function _main *****************
   158 ;; Defined at:
   159 ;;		line 43 in file "main.c"
   160 ;; Parameters:    Size  Location     Type
   161 ;;		None
   162 ;; Auto vars:     Size  Location     Type
   163 ;;		None
   164 ;; Return value:  Size  Location     Type
   165 ;;                  1    wreg      void 
   166 ;; Registers used:
   167 ;;		wreg, status,2
   168 ;; Tracked objects:
   169 ;;		On entry : B00/0
   170 ;;		On exit  : 0/0
   171 ;;		Unchanged: 0/0
   172 ;; Data sizes:     COMMON   BANK0   BANK1   BANK2
   173 ;;      Params:         0       0       0       0
   174 ;;      Locals:         0       0       0       0
   175 ;;      Temps:          3       0       0       0
   176 ;;      Totals:         3       0       0       0
   177 ;;Total ram usage:        3 bytes
   178 ;; This function calls:
   179 ;;		Nothing
   180 ;; This function is called by:
   181 ;;		Startup code after reset
   182 ;; This function uses a non-reentrant model
   183 ;;
   184                           
   185     07C2                     _main:	
   186                           ;psect for function _main
   187                           
   188     07C2                     l560:	
   189                           ;incstack = 0
   190                           ; Regs used in _main: [wreg+status,2]
   191                           
   192                           
   193                           ;main.c: 44:     TRISA = 0x00;
   194     07C2  1683               	bsf	3,5	;RP0=1, select bank1
   195     07C3  1303               	bcf	3,6	;RP1=0, select bank1
   196     07C4  0185               	clrf	5	;volatile
   197                           
   198                           ;main.c: 45:     PORTA = 0x00;
   199     07C5  1283               	bcf	3,5	;RP0=0, select bank0
   200     07C6  1303               	bcf	3,6	;RP1=0, select bank0
   201     07C7  0185               	clrf	5	;volatile
   202     07C8                     l562:
   203                           
   204                           ;main.c: 48:         PORTAbits.RA0 = 1;
   205     07C8  1283               	bcf	3,5	;RP0=0, select bank0
   206     07C9  1303               	bcf	3,6	;RP1=0, select bank0
   207     07CA  1405               	bsf	5,0	;volatile
   208     07CB                     l564:
   209                           
   210                           ;main.c: 49:         PORTAbits.RA2 = 0;
   211     07CB  1105               	bcf	5,2	;volatile
   212     07CC                     l566:
   213                           
   214                           ;main.c: 50:         PORTAbits.RA1 = 0;
   215     07CC  1085               	bcf	5,1	;volatile
   216     07CD                     l568:
   217                           
   218                           ;main.c: 51:         _delay((unsigned long)((1000)*(4000000/4000.0)));
   219     07CD  3006               	movlw	6
   220     07CE  00F3               	movwf	??_main+2
   221     07CF  3013               	movlw	19
   222     07D0  00F2               	movwf	??_main+1
   223     07D1  30AD               	movlw	173
   224     07D2  00F1               	movwf	??_main
   225     07D3                     u17:
   226     07D3  0BF1               	decfsz	??_main,f
   227     07D4  2FD3               	goto	u17
   228     07D5  0BF2               	decfsz	??_main+1,f
   229     07D6  2FD3               	goto	u17
   230     07D7  0BF3               	decfsz	??_main+2,f
   231     07D8  2FD3               	goto	u17
   232     07D9  2FDA               	nop2
   233     07DA                     l570:
   234                           
   235                           ;main.c: 53:         PORTAbits.RA0 = 0;
   236     07DA  1283               	bcf	3,5	;RP0=0, select bank0
   237     07DB  1303               	bcf	3,6	;RP1=0, select bank0
   238     07DC  1005               	bcf	5,0	;volatile
   239     07DD                     l572:
   240                           
   241                           ;main.c: 54:         PORTAbits.RA1 = 1;
   242     07DD  1485               	bsf	5,1	;volatile
   243     07DE                     l574:
   244                           
   245                           ;main.c: 55:         _delay((unsigned long)((2000)*(4000000/4000.0)));
   246     07DE  300B               	movlw	11
   247     07DF  00F3               	movwf	??_main+2
   248     07E0  3026               	movlw	38
   249     07E1  00F2               	movwf	??_main+1
   250     07E2  305D               	movlw	93
   251     07E3  00F1               	movwf	??_main
   252     07E4                     u27:
   253     07E4  0BF1               	decfsz	??_main,f
   254     07E5  2FE4               	goto	u27
   255     07E6  0BF2               	decfsz	??_main+1,f
   256     07E7  2FE4               	goto	u27
   257     07E8  0BF3               	decfsz	??_main+2,f
   258     07E9  2FE4               	goto	u27
   259     07EA  2FEB               	nop2
   260     07EB                     l576:
   261                           
   262                           ;main.c: 57:         PORTAbits.RA1 = 0;
   263     07EB  1283               	bcf	3,5	;RP0=0, select bank0
   264     07EC  1303               	bcf	3,6	;RP1=0, select bank0
   265     07ED  1085               	bcf	5,1	;volatile
   266     07EE                     l578:
   267                           
   268                           ;main.c: 58:         PORTAbits.RA2 = 1;
   269     07EE  1505               	bsf	5,2	;volatile
   270     07EF                     l580:
   271                           
   272                           ;main.c: 59:         _delay((unsigned long)((1000)*(4000000/4000.0)));
   273     07EF  3006               	movlw	6
   274     07F0  00F3               	movwf	??_main+2
   275     07F1  3013               	movlw	19
   276     07F2  00F2               	movwf	??_main+1
   277     07F3  30AD               	movlw	173
   278     07F4  00F1               	movwf	??_main
   279     07F5                     u37:
   280     07F5  0BF1               	decfsz	??_main,f
   281     07F6  2FF5               	goto	u37
   282     07F7  0BF2               	decfsz	??_main+1,f
   283     07F8  2FF5               	goto	u37
   284     07F9  0BF3               	decfsz	??_main+2,f
   285     07FA  2FF5               	goto	u37
   286     07FB  2FFC               	nop2
   287     07FC  2FC8               	goto	l562
   288     07FD  2801               	ljmp	start
   289     07FE                     __end_of_main:
   290     0000                     ___latbits      equ	0
   291     007E                     btemp           set	126	;btemp
   292     007E                     wtemp0          set	126
   293                           
   294                           	psect	config
   295                           
   296                           ;Config register CONFIG @ 0x2007
   297                           ;	Oscillator Selection bits
   298                           ;	FOSC = XT, XT oscillator: Crystal/resonator on RA6/OSC2/CLKOUT and RA7/OSC1/CLKIN
   299                           ;	Watchdog Timer Enable bit
   300                           ;	WDTE = OFF, WDT disabled
   301                           ;	Power-up Timer Enable bit
   302                           ;	PWRTE = OFF, PWRT disabled
   303                           ;	RA5/MCLR/VPP Pin Function Select bit
   304                           ;	MCLRE = ON, RA5/MCLR/VPP pin function is MCLR
   305                           ;	Brown-out Detect Enable bit
   306                           ;	BOREN = OFF, BOD disabled
   307                           ;	Low-Voltage Programming Enable bit
   308                           ;	LVP = OFF, RB4/PGM pin has digital I/O function, HV on MCLR must be used for programmi
      +                          ng
   309                           ;	Data EE Memory Code Protection bit
   310                           ;	CPD = OFF, Data memory code protection off
   311                           ;	Flash Program Memory Code Protection bit
   312                           ;	CP = OFF, Code protection off
   313     2007                     	org	8199
   314     2007  3F29               	dw	16169

Data Sizes:
    Strings     0
    Constant    0
    Data        0
    BSS         0
    Persistent  0
    Stack       0

Auto Spaces:
    Space          Size  Autos    Used
    COMMON           13      3       3
    BANK0            80      0       0
    BANK1            80      0       0
    BANK2            48      0       0

Pointer List with Targets:

    None.

Critical Paths under _main in COMMON

    None.

Critical Paths under _main in BANK0

    None.

Critical Paths under _main in BANK1

    None.

Critical Paths under _main in BANK2

    None.

Call Graph Tables:

 ---------------------------------------------------------------------------------
 (Depth) Function   	        Calls       Base Space   Used Autos Params    Refs
 ---------------------------------------------------------------------------------
 (0) _main                                                 3     3      0       0
                                              0 COMMON     3     3      0
 ---------------------------------------------------------------------------------
 Estimated maximum stack depth 0
 ---------------------------------------------------------------------------------

 Call Graph Graphs:

 _main (ROOT)

Address spaces:
Name               Size   Autos  Total    Usage
BITCOMMON           13      0       0      0.0%
BITBANK0            80      0       0      0.0%
BITBANK1            80      0       0      0.0%
BITBANK2            48      0       0      0.0%
COMMON              13      3       3     23.1%
BANK0               80      0       0      0.0%
BANK1               80      0       0      0.0%
BANK2               48      0       0      0.0%
STACK                0      0       0      0.0%
DATA                 0      0       3      0.0%


Microchip Technology PIC Macro Assembler V3.00 build 20241204225717 
Symbol Table                                                                                   Mon Mar 10 10:09:44 2025

                     u17 07D3                       u27 07E4                       u37 07F5  
                    l560 07C2                      l570 07DA                      l562 07C8  
                    l580 07EF                      l572 07DD                      l564 07CB  
                    l574 07DE                      l566 07CC                      l576 07EB  
                    l568 07CD                      l578 07EE                     _main 07C2  
                   btemp 007E                     start 0001                    ?_main 0071  
                  _PORTA 0005                    _TRISA 0085                    status 0003  
                  wtemp0 007E          __initialization 07FE             __end_of_main 07FE  
                 ??_main 0071  __end_of__initialization 07FE           __pcstackCOMMON 0071  
             __pmaintext 07C2     end_of_initialization 07FE                _PORTAbits 0005  
    start_initialization 07FE                ___latbits 0000  
