

Microchip MPLAB XC8 Assembler V3.00 build 20241204225717 
                                                                                               Fri Apr 04 12:02:03 2025

Microchip MPLAB XC8 C Compiler v3.00 (Free license) build 20241204225717 Og1 
     1                           	processor	16F628A
     2                           	pagewidth 120
     3                           	opt	flic
     4                           	psect	cinit,global,class=CODE,space=0,merge=1,delta=2
     5                           	psect	cstackCOMMON,global,class=COMMON,space=1,delta=1,noexec
     6                           	psect	maintext,global,class=CODE,space=0,split=1,delta=2
     7                           	psect	text1,local,class=CODE,space=0,merge=1,delta=2
     8                           	psect	intentry,global,class=CODE,space=0,delta=2
     9                           	psect	config,global,abs,ovrld,class=CONFIG,space=4,delta=2,noexec
    10                           	dabs	1,0x7E,2
    11     0000                     
    12                           ; Generated 12/10/2023 GMT
    13                           ; 
    14                           ; Copyright © 2023, Microchip Technology Inc. and its subsidiaries ("Microchip")
    15                           ; All rights reserved.
    16                           ; 
    17                           ; This software is developed by Microchip Technology Inc. and its subsidiaries ("Microch
      +                          ip").
    18                           ; 
    19                           ; Redistribution and use in source and binary forms, with or without modification, are
    20                           ; permitted provided that the following conditions are met:
    21                           ; 
    22                           ;     1. Redistributions of source code must retain the above copyright notice, this lis
      +                          t of
    23                           ;        conditions and the following disclaimer.
    24                           ; 
    25                           ;     2. Redistributions in binary form must reproduce the above copyright notice, this 
      +                          list
    26                           ;        of conditions and the following disclaimer in the documentation and/or other
    27                           ;        materials provided with the distribution. Publication is not required when
    28                           ;        this file is used in an embedded application.
    29                           ; 
    30                           ;     3. Microchip's name may not be used to endorse or promote products derived from th
      +                          is
    31                           ;        software without specific prior written permission.
    32                           ; 
    33                           ; THIS SOFTWARE IS PROVIDED BY MICROCHIP "AS IS" AND ANY EXPRESS OR IMPLIED WARRANTIES,
    34                           ; INCLUDING, BUT NOT LIMITED TO, THE IMPLIED WARRANTIES OF MERCHANTABILITY AND FITNESS F
      +                          OR
    35                           ; PURPOSE ARE DISCLAIMED.  IN NO EVENT SHALL MICROCHIP BE LIABLE FOR ANY DIRECT, INDIREC
      +                          T,
    36                           ; INCIDENTAL, SPECIAL, EXEMPLARY, OR CONSEQUENTIAL DAMAGES (INCLUDING BUT NOT LIMITED TO
    37                           ; PROCUREMENT OF SUBSTITUTE GOODS OR SERVICES; LOSS OF USE, DATA OR PROFITS; OR BUSINESS
    38                           ; INTERRUPTION) HOWSOEVER CAUSED AND ON ANY THEORY OF LIABILITY, WHETHER IN CONTRACT, ST
      +                          RICT
    39                           ; LIABILITY, OR TORT (INCLUDING NEGLIGENCE OR OTHERWISE) ARISING IN ANY WAY OUT OF THE U
      +                          SE OF
    40                           ; THIS SOFTWARE, EVEN IF ADVISED OF THE POSSIBILITY OF SUCH DAMAGE.
    41                           ; 
    42                           ; 
    43                           ; Code-generator required, PIC16F628A Definitions
    44                           ; 
    45                           ; SFR Addresses
    46     0004                     fsr             equ	4
    47     0004                     fsr0            equ	4
    48     0000                     indf            equ	0
    49     0000                     indf0           equ	0
    50     0002                     pc              equ	2
    51     0002                     pcl             equ	2
    52     000A                     pclath          equ	10
    53     0003                     status          equ	3
    54     0000                     INDF            equ	0	;# 
    55     0001                     TMR0            equ	1	;# 
    56     0002                     PCL             equ	2	;# 
    57     0003                     STATUS          equ	3	;# 
    58     0004                     FSR             equ	4	;# 
    59     0005                     PORTA           equ	5	;# 
    60     0006                     PORTB           equ	6	;# 
    61     000A                     PCLATH          equ	10	;# 
    62     000B                     INTCON          equ	11	;# 
    63     000C                     PIR1            equ	12	;# 
    64     000E                     TMR1            equ	14	;# 
    65     000E                     TMR1L           equ	14	;# 
    66     000F                     TMR1H           equ	15	;# 
    67     0010                     T1CON           equ	16	;# 
    68     0011                     TMR2            equ	17	;# 
    69     0012                     T2CON           equ	18	;# 
    70     0015                     CCPR1           equ	21	;# 
    71     0015                     CCPR1L          equ	21	;# 
    72     0016                     CCPR1H          equ	22	;# 
    73     0017                     CCP1CON         equ	23	;# 
    74     0018                     RCSTA           equ	24	;# 
    75     0019                     TXREG           equ	25	;# 
    76     001A                     RCREG           equ	26	;# 
    77     001F                     CMCON           equ	31	;# 
    78     0081                     OPTION_REG      equ	129	;# 
    79     0085                     TRISA           equ	133	;# 
    80     0086                     TRISB           equ	134	;# 
    81     008C                     PIE1            equ	140	;# 
    82     008E                     PCON            equ	142	;# 
    83     0092                     PR2             equ	146	;# 
    84     0098                     TXSTA           equ	152	;# 
    85     0099                     SPBRG           equ	153	;# 
    86     009A                     EEDATA          equ	154	;# 
    87     009B                     EEADR           equ	155	;# 
    88     009C                     EECON1          equ	156	;# 
    89     009D                     EECON2          equ	157	;# 
    90     009F                     VRCON           equ	159	;# 
    91     0000                     INDF            equ	0	;# 
    92     0001                     TMR0            equ	1	;# 
    93     0002                     PCL             equ	2	;# 
    94     0003                     STATUS          equ	3	;# 
    95     0004                     FSR             equ	4	;# 
    96     0005                     PORTA           equ	5	;# 
    97     0006                     PORTB           equ	6	;# 
    98     000A                     PCLATH          equ	10	;# 
    99     000B                     INTCON          equ	11	;# 
   100     000C                     PIR1            equ	12	;# 
   101     000E                     TMR1            equ	14	;# 
   102     000E                     TMR1L           equ	14	;# 
   103     000F                     TMR1H           equ	15	;# 
   104     0010                     T1CON           equ	16	;# 
   105     0011                     TMR2            equ	17	;# 
   106     0012                     T2CON           equ	18	;# 
   107     0015                     CCPR1           equ	21	;# 
   108     0015                     CCPR1L          equ	21	;# 
   109     0016                     CCPR1H          equ	22	;# 
   110     0017                     CCP1CON         equ	23	;# 
   111     0018                     RCSTA           equ	24	;# 
   112     0019                     TXREG           equ	25	;# 
   113     001A                     RCREG           equ	26	;# 
   114     001F                     CMCON           equ	31	;# 
   115     0081                     OPTION_REG      equ	129	;# 
   116     0085                     TRISA           equ	133	;# 
   117     0086                     TRISB           equ	134	;# 
   118     008C                     PIE1            equ	140	;# 
   119     008E                     PCON            equ	142	;# 
   120     0092                     PR2             equ	146	;# 
   121     0098                     TXSTA           equ	152	;# 
   122     0099                     SPBRG           equ	153	;# 
   123     009A                     EEDATA          equ	154	;# 
   124     009B                     EEADR           equ	155	;# 
   125     009C                     EECON1          equ	156	;# 
   126     009D                     EECON2          equ	157	;# 
   127     009F                     VRCON           equ	159	;# 
   128     0005                     _PORTAbits      set	5
   129     000B                     _INTCONbits     set	11
   130     0001                     _TMR0           set	1
   131     0005                     _PORTA          set	5
   132     0081                     _OPTION_REG     set	129
   133     0085                     _TRISA          set	133
   134                           
   135                           	psect	cinit
   136     000B                     start_initialization:	
   137                           ; #config settings
   138                           
   139     000B                     __initialization:
   140     000B                     end_of_initialization:	
   141                           ;End of C runtime variable initialization code
   142                           
   143     000B                     __end_of__initialization:
   144     000B  0183               	clrf	3
   145     000C  282A               	ljmp	_main	;jump to C main() function
   146                           
   147                           	psect	cstackCOMMON
   148     0070                     __pcstackCOMMON:
   149     0070                     ?_main:
   150     0070                     ?_ISR:	
   151                           ; 1 bytes @ 0x0
   152                           
   153     0070                     ??_ISR:	
   154                           ; 1 bytes @ 0x0
   155                           
   156                           
   157                           ; 1 bytes @ 0x0
   158     0070                     	ds	2
   159     0072                     ??_main:
   160                           
   161                           	psect	maintext
   162     002A                     __pmaintext:	
   163                           ; 1 bytes @ 0x2
   164 ;;
   165 ;;Main: autosize = 0, tempsize = 0, incstack = 0, save=0
   166 ;;
   167 ;; *************** function _main *****************
   168 ;; Defined at:
   169 ;;		line 25 in file "main.c"
   170 ;; Parameters:    Size  Location     Type
   171 ;;		None
   172 ;; Auto vars:     Size  Location     Type
   173 ;;		None
   174 ;; Return value:  Size  Location     Type
   175 ;;                  1    wreg      void 
   176 ;; Registers used:
   177 ;;		status,2
   178 ;; Tracked objects:
   179 ;;		On entry : B00/0
   180 ;;		On exit  : 0/0
   181 ;;		Unchanged: 0/0
   182 ;; Data sizes:     COMMON   BANK0   BANK1   BANK2
   183 ;;      Params:         0       0       0       0
   184 ;;      Locals:         0       0       0       0
   185 ;;      Temps:          0       0       0       0
   186 ;;      Totals:         0       0       0       0
   187 ;;Total ram usage:        0 bytes
   188 ;; Hardware stack levels required when called: 1
   189 ;; This function calls:
   190 ;;		Nothing
   191 ;; This function is called by:
   192 ;;		Startup code after reset
   193 ;; This function uses a non-reentrant model
   194 ;;
   195                           
   196     002A                     _main:	
   197                           ;psect for function _main
   198                           
   199     002A                     l570:	
   200                           ;incstack = 0
   201                           ; Regs used in _main: [status,2]
   202                           
   203                           
   204                           ;main.c: 26:     TRISA = 0x00;
   205     002A  1683               	bsf	3,5	;RP0=1, select bank1
   206     002B  1303               	bcf	3,6	;RP1=0, select bank1
   207     002C  0185               	clrf	5	;volatile
   208                           
   209                           ;main.c: 27:     PORTA = 0x00;
   210     002D  1283               	bcf	3,5	;RP0=0, select bank0
   211     002E  1303               	bcf	3,6	;RP1=0, select bank0
   212     002F  0185               	clrf	5	;volatile
   213     0030                     l572:
   214                           
   215                           ;main.c: 29:     OPTION_REG = 0x04;
   216     0030  3004               	movlw	4
   217     0031  1683               	bsf	3,5	;RP0=1, select bank1
   218     0032  1303               	bcf	3,6	;RP1=0, select bank1
   219     0033  0081               	movwf	1	;volatile
   220     0034                     l574:
   221                           
   222                           ;main.c: 30:     TMR0 = 100;
   223     0034  3064               	movlw	100
   224     0035  1283               	bcf	3,5	;RP0=0, select bank0
   225     0036  1303               	bcf	3,6	;RP1=0, select bank0
   226     0037  0081               	movwf	1	;volatile
   227     0038                     l576:
   228                           
   229                           ;main.c: 32:     INTCONbits.T0IE = 1;
   230     0038  168B               	bsf	11,5	;volatile
   231     0039                     l578:
   232                           
   233                           ;main.c: 33:     INTCONbits.GIE = 1;
   234     0039  178B               	bsf	11,7	;volatile
   235     003A                     l17:	
   236                           ;main.c: 35:     while (1){
   237                           
   238     003A                     l18:	
   239                           ;main.c: 37:     }
   240                           
   241     003A  283A               	goto	l17
   242     003B  280A               	ljmp	start
   243     003C                     __end_of_main:
   244                           
   245                           	psect	text1
   246     000D                     __ptext1:	
   247 ;; *************** function _ISR *****************
   248 ;; Defined at:
   249 ;;		line 40 in file "main.c"
   250 ;; Parameters:    Size  Location     Type
   251 ;;		None
   252 ;; Auto vars:     Size  Location     Type
   253 ;;		None
   254 ;; Return value:  Size  Location     Type
   255 ;;                  1    wreg      void 
   256 ;; Registers used:
   257 ;;		status,0
   258 ;; Tracked objects:
   259 ;;		On entry : 0/0
   260 ;;		On exit  : 0/0
   261 ;;		Unchanged: 0/0
   262 ;; Data sizes:     COMMON   BANK0   BANK1   BANK2
   263 ;;      Params:         0       0       0       0
   264 ;;      Locals:         0       0       0       0
   265 ;;      Temps:          2       0       0       0
   266 ;;      Totals:         2       0       0       0
   267 ;;Total ram usage:        2 bytes
   268 ;; Hardware stack levels used: 1
   269 ;; This function calls:
   270 ;;		Nothing
   271 ;; This function is called by:
   272 ;;		Interrupt level 1
   273 ;; This function uses a non-reentrant model
   274 ;;
   275                           
   276     000D                     _ISR:	
   277                           ;psect for function _ISR
   278                           
   279     000D                     i1l580:
   280                           
   281                           ;main.c: 41:     if(INTCONbits.T0IF){
   282     000D  1D0B               	btfss	11,2	;volatile
   283     000E  2810               	goto	u1_21
   284     000F  2811               	goto	u1_20
   285     0010                     u1_21:
   286     0010  2823               	goto	i1l26
   287     0011                     u1_20:
   288     0011                     i1l582:
   289                           
   290                           ;main.c: 42:         TMR0 = 100;
   291     0011  3064               	movlw	100
   292     0012  1283               	bcf	3,5	;RP0=0, select bank0
   293     0013  1303               	bcf	3,6	;RP1=0, select bank0
   294     0014  0081               	movwf	1	;volatile
   295     0015                     i1l584:
   296                           
   297                           ;main.c: 43:         PORTAbits.RA0 = ~PORTAbits.RA0;
   298     0015  1003               	clrc
   299     0016  1C05               	btfss	5,0	;volatile
   300     0017  1403               	setc
   301     0018  1803               	btfsc	3,0
   302     0019  281B               	goto	u2_21
   303     001A  281F               	goto	u2_20
   304     001B                     u2_21:
   305     001B  1283               	bcf	3,5	;RP0=0, select bank0
   306     001C  1303               	bcf	3,6	;RP1=0, select bank0
   307     001D  1405               	bsf	5,0	;volatile
   308     001E  2822               	goto	u3_24
   309     001F                     u2_20:
   310     001F  1283               	bcf	3,5	;RP0=0, select bank0
   311     0020  1303               	bcf	3,6	;RP1=0, select bank0
   312     0021  1005               	bcf	5,0	;volatile
   313     0022                     u3_24:
   314     0022                     i1l586:
   315                           
   316                           ;main.c: 44:         INTCONbits.T0IF = 0;
   317     0022  110B               	bcf	11,2	;volatile
   318     0023                     i1l26:
   319     0023  0871               	movf	??_ISR+1,w
   320     0024  008A               	movwf	10
   321     0025  0E70               	swapf	??_ISR,w
   322     0026  0083               	movwf	3
   323     0027  0EFE               	swapf	btemp,f
   324     0028  0E7E               	swapf	btemp,w
   325     0029  0009               	retfie
   326     002A                     __end_of_ISR:
   327     0000                     ___latbits      equ	0
   328     007E                     btemp           set	126	;btemp
   329     007E                     wtemp0          set	126
   330                           
   331                           	psect	intentry
   332     0004                     __pintentry:	
   333                           ;incstack = 0
   334                           ; Regs used in _ISR: [status,0]
   335                           
   336     0004                     interrupt_function:
   337     007E                     saved_w         set	btemp
   338     0004  00FE               	movwf	btemp
   339     0005  0E03               	swapf	3,w
   340     0006  00F0               	movwf	??_ISR
   341     0007  080A               	movf	10,w
   342     0008  00F1               	movwf	??_ISR+1
   343     0009  280D               	ljmp	_ISR
   344                           
   345                           	psect	config
   346                           
   347                           ;Config register CONFIG @ 0x2007
   348                           ;	Oscillator Selection bits
   349                           ;	FOSC = INTOSCIO, INTOSC oscillator: I/O function on RA6/OSC2/CLKOUT pin, I/O function 
      +                          on RA7/OSC1/CLKIN
   350                           ;	Watchdog Timer Enable bit
   351                           ;	WDTE = OFF, WDT disabled
   352                           ;	Power-up Timer Enable bit
   353                           ;	PWRTE = OFF, PWRT disabled
   354                           ;	RA5/MCLR/VPP Pin Function Select bit
   355                           ;	MCLRE = ON, RA5/MCLR/VPP pin function is MCLR
   356                           ;	Brown-out Detect Enable bit
   357                           ;	BOREN = OFF, BOD disabled
   358                           ;	Low-Voltage Programming Enable bit
   359                           ;	LVP = OFF, RB4/PGM pin has digital I/O function, HV on MCLR must be used for programmi
      +                          ng
   360                           ;	Data EE Memory Code Protection bit
   361                           ;	CPD = OFF, Data memory code protection off
   362                           ;	Flash Program Memory Code Protection bit
   363                           ;	CP = OFF, Code protection off
   364     2007                     	org	8199
   365     2007  3F38               	dw	16184

Data Sizes:
    Strings     0
    Constant    0
    Data        0
    BSS         0
    Persistent  0
    Stack       0

Auto Spaces:
    Space          Size  Autos    Used
    COMMON           14      2       2
    BANK0            80      0       0
    BANK1            80      0       0
    BANK2            48      0       0

Pointer List with Targets:

    None.

Critical Paths under _main in COMMON

    None.

Critical Paths under _ISR in COMMON

    None.

Critical Paths under _main in BANK0

    None.

Critical Paths under _ISR in BANK0

    None.

Critical Paths under _main in BANK1

    None.

Critical Paths under _ISR in BANK1

    None.

Critical Paths under _main in BANK2

    None.

Critical Paths under _ISR in BANK2

    None.

Call Graph Tables:

 ---------------------------------------------------------------------------------
 (Depth) Function   	        Calls       Base Space   Used Autos Params    Refs
 ---------------------------------------------------------------------------------
 (0) _main                                                 0     0      0       0
 ---------------------------------------------------------------------------------
 Estimated maximum stack depth 0
 ---------------------------------------------------------------------------------
 (Depth) Function   	        Calls       Base Space   Used Autos Params    Refs
 ---------------------------------------------------------------------------------
 (1) _ISR                                                  2     2      0       0
                                              0 COMMON     2     2      0
 ---------------------------------------------------------------------------------
 Estimated maximum stack depth 1
 ---------------------------------------------------------------------------------

 Call Graph Graphs:

 _main (ROOT)

 _ISR (ROOT)

Address spaces:
Name               Size   Autos  Total    Usage
BITCOMMON           14      0       0      0.0%
BITBANK0            80      0       0      0.0%
BITBANK1            80      0       0      0.0%
BITBANK2            48      0       0      0.0%
COMMON              14      2       2     14.3%
BANK0               80      0       0      0.0%
BANK1               80      0       0      0.0%
BANK2               48      0       0      0.0%
STACK                0      0       0      0.0%
DATA                 0      0       2      0.0%


Microchip Technology PIC Macro Assembler V3.00 build 20241204225717 
Symbol Table                                                                                   Fri Apr 04 12:02:03 2025

                     l17 003A                       l18 003A                      l570 002A  
                    l572 0030                      l574 0034                      l576 0038  
                    l578 0039                      _ISR 000D                     ?_ISR 0070  
                   i1l26 0023                     _TMR0 0001                     u1_20 0011  
                   u1_21 0010                     u2_20 001F                     u2_21 001B  
                   u3_24 0022                     _main 002A                     btemp 007E  
                   start 000A                    ??_ISR 0070                    ?_main 0070  
                  i1l580 000D                    i1l582 0011                    i1l584 0015  
                  i1l586 0022                    _PORTA 0005                    _TRISA 0085  
                  pclath 000A                    status 0003                    wtemp0 007E  
        __initialization 000B             __end_of_main 003C                   ??_main 0072  
                 saved_w 007E  __end_of__initialization 000B           __pcstackCOMMON 0070  
             __pmaintext 002A               __pintentry 0004                  __ptext1 000D  
   end_of_initialization 000B                _PORTAbits 0005      start_initialization 000B  
            __end_of_ISR 002A                ___latbits 0000        interrupt_function 0004  
             _INTCONbits 000B                 intlevel1 0000               _OPTION_REG 0081  
