

Microchip MPLAB XC8 Assembler V3.00 build 20241204225717 
                                                                                               Mon Apr 28 10:35:16 2025

Microchip MPLAB XC8 C Compiler v3.00 (Free license) build 20241204225717 Og1 
     1                           	processor	16F628A
     2                           	pagewidth 120
     3                           	opt	flic
     4                           	psect	cinit,global,class=CODE,space=0,merge=1,delta=2
     5                           	psect	cstackCOMMON,global,class=COMMON,space=1,delta=1,noexec
     6                           	psect	maintext,global,class=CODE,space=0,split=1,delta=2
     7                           	psect	text1,local,class=CODE,space=0,merge=1,delta=2
     8                           	psect	text2,local,class=CODE,space=0,merge=1,delta=2
     9                           	psect	config,global,abs,ovrld,class=CONFIG,space=4,delta=2,noexec
    10                           	dabs	1,0x7E,2
    11     0000                     
    12                           ; Generated 12/10/2023 GMT
    13                           ; 
    14                           ; Copyright © 2023, Microchip Technology Inc. and its subsidiaries ("Microchip")
    15                           ; All rights reserved.
    16                           ; 
    17                           ; This software is developed by Microchip Technology Inc. and its subsidiaries ("Microch
      +                          ip").
    18                           ; 
    19                           ; Redistribution and use in source and binary forms, with or without modification, are
    20                           ; permitted provided that the following conditions are met:
    21                           ; 
    22                           ;     1. Redistributions of source code must retain the above copyright notice, this lis
      +                          t of
    23                           ;        conditions and the following disclaimer.
    24                           ; 
    25                           ;     2. Redistributions in binary form must reproduce the above copyright notice, this 
      +                          list
    26                           ;        of conditions and the following disclaimer in the documentation and/or other
    27                           ;        materials provided with the distribution. Publication is not required when
    28                           ;        this file is used in an embedded application.
    29                           ; 
    30                           ;     3. Microchip's name may not be used to endorse or promote products derived from th
      +                          is
    31                           ;        software without specific prior written permission.
    32                           ; 
    33                           ; THIS SOFTWARE IS PROVIDED BY MICROCHIP "AS IS" AND ANY EXPRESS OR IMPLIED WARRANTIES,
    34                           ; INCLUDING, BUT NOT LIMITED TO, THE IMPLIED WARRANTIES OF MERCHANTABILITY AND FITNESS F
      +                          OR
    35                           ; PURPOSE ARE DISCLAIMED.  IN NO EVENT SHALL MICROCHIP BE LIABLE FOR ANY DIRECT, INDIREC
      +                          T,
    36                           ; INCIDENTAL, SPECIAL, EXEMPLARY, OR CONSEQUENTIAL DAMAGES (INCLUDING BUT NOT LIMITED TO
    37                           ; PROCUREMENT OF SUBSTITUTE GOODS OR SERVICES; LOSS OF USE, DATA OR PROFITS; OR BUSINESS
    38                           ; INTERRUPTION) HOWSOEVER CAUSED AND ON ANY THEORY OF LIABILITY, WHETHER IN CONTRACT, ST
      +                          RICT
    39                           ; LIABILITY, OR TORT (INCLUDING NEGLIGENCE OR OTHERWISE) ARISING IN ANY WAY OUT OF THE U
      +                          SE OF
    40                           ; THIS SOFTWARE, EVEN IF ADVISED OF THE POSSIBILITY OF SUCH DAMAGE.
    41                           ; 
    42                           ; 
    43                           ; Code-generator required, PIC16F628A Definitions
    44                           ; 
    45                           ; SFR Addresses
    46     0004                     fsr             equ	4
    47     0004                     fsr0            equ	4
    48     0000                     indf            equ	0
    49     0000                     indf0           equ	0
    50     0002                     pc              equ	2
    51     0002                     pcl             equ	2
    52     000A                     pclath          equ	10
    53     0003                     status          equ	3
    54     0000                     INDF            equ	0	;# 
    55     0001                     TMR0            equ	1	;# 
    56     0002                     PCL             equ	2	;# 
    57     0003                     STATUS          equ	3	;# 
    58     0004                     FSR             equ	4	;# 
    59     0005                     PORTA           equ	5	;# 
    60     0006                     PORTB           equ	6	;# 
    61     000A                     PCLATH          equ	10	;# 
    62     000B                     INTCON          equ	11	;# 
    63     000C                     PIR1            equ	12	;# 
    64     000E                     TMR1            equ	14	;# 
    65     000E                     TMR1L           equ	14	;# 
    66     000F                     TMR1H           equ	15	;# 
    67     0010                     T1CON           equ	16	;# 
    68     0011                     TMR2            equ	17	;# 
    69     0012                     T2CON           equ	18	;# 
    70     0015                     CCPR1           equ	21	;# 
    71     0015                     CCPR1L          equ	21	;# 
    72     0016                     CCPR1H          equ	22	;# 
    73     0017                     CCP1CON         equ	23	;# 
    74     0018                     RCSTA           equ	24	;# 
    75     0019                     TXREG           equ	25	;# 
    76     001A                     RCREG           equ	26	;# 
    77     001F                     CMCON           equ	31	;# 
    78     0081                     OPTION_REG      equ	129	;# 
    79     0085                     TRISA           equ	133	;# 
    80     0086                     TRISB           equ	134	;# 
    81     008C                     PIE1            equ	140	;# 
    82     008E                     PCON            equ	142	;# 
    83     0092                     PR2             equ	146	;# 
    84     0098                     TXSTA           equ	152	;# 
    85     0099                     SPBRG           equ	153	;# 
    86     009A                     EEDATA          equ	154	;# 
    87     009B                     EEADR           equ	155	;# 
    88     009C                     EECON1          equ	156	;# 
    89     009D                     EECON2          equ	157	;# 
    90     009F                     VRCON           equ	159	;# 
    91     0000                     INDF            equ	0	;# 
    92     0001                     TMR0            equ	1	;# 
    93     0002                     PCL             equ	2	;# 
    94     0003                     STATUS          equ	3	;# 
    95     0004                     FSR             equ	4	;# 
    96     0005                     PORTA           equ	5	;# 
    97     0006                     PORTB           equ	6	;# 
    98     000A                     PCLATH          equ	10	;# 
    99     000B                     INTCON          equ	11	;# 
   100     000C                     PIR1            equ	12	;# 
   101     000E                     TMR1            equ	14	;# 
   102     000E                     TMR1L           equ	14	;# 
   103     000F                     TMR1H           equ	15	;# 
   104     0010                     T1CON           equ	16	;# 
   105     0011                     TMR2            equ	17	;# 
   106     0012                     T2CON           equ	18	;# 
   107     0015                     CCPR1           equ	21	;# 
   108     0015                     CCPR1L          equ	21	;# 
   109     0016                     CCPR1H          equ	22	;# 
   110     0017                     CCP1CON         equ	23	;# 
   111     0018                     RCSTA           equ	24	;# 
   112     0019                     TXREG           equ	25	;# 
   113     001A                     RCREG           equ	26	;# 
   114     001F                     CMCON           equ	31	;# 
   115     0081                     OPTION_REG      equ	129	;# 
   116     0085                     TRISA           equ	133	;# 
   117     0086                     TRISB           equ	134	;# 
   118     008C                     PIE1            equ	140	;# 
   119     008E                     PCON            equ	142	;# 
   120     0092                     PR2             equ	146	;# 
   121     0098                     TXSTA           equ	152	;# 
   122     0099                     SPBRG           equ	153	;# 
   123     009A                     EEDATA          equ	154	;# 
   124     009B                     EEADR           equ	155	;# 
   125     009C                     EECON1          equ	156	;# 
   126     009D                     EECON2          equ	157	;# 
   127     009F                     VRCON           equ	159	;# 
   128     001F                     _CMCON          set	31
   129     0030                     _RB0            set	48
   130     0086                     _TRISB          set	134
   131                           
   132                           	psect	cinit
   133     07FE                     start_initialization:	
   134                           ; #config settings
   135                           
   136     07FE                     __initialization:
   137     07FE                     end_of_initialization:	
   138                           ;End of C runtime variable initialization code
   139                           
   140     07FE                     __end_of__initialization:
   141     07FE  0183               	clrf	3
   142     07FF  2F7A               	ljmp	_main	;jump to C main() function
   143                           
   144                           	psect	cstackCOMMON
   145     0070                     __pcstackCOMMON:
   146     0070                     ?_manchester_send:
   147     0070                     ?_send_command:	
   148                           ; 1 bytes @ 0x0
   149                           
   150     0070                     ?_main:	
   151                           ; 1 bytes @ 0x0
   152                           
   153     0070                     ??_manchester_send:	
   154                           ; 1 bytes @ 0x0
   155                           
   156                           
   157                           ; 1 bytes @ 0x0
   158     0070                     	ds	1
   159     0071                     manchester_send@bit:
   160                           
   161                           ; 1 bytes @ 0x1
   162     0071                     	ds	1
   163     0072                     ??_send_command:
   164                           
   165                           ; 1 bytes @ 0x2
   166     0072                     	ds	1
   167     0073                     send_command@checksum:
   168                           
   169                           ; 1 bytes @ 0x3
   170     0073                     	ds	1
   171     0074                     send_command@i:
   172                           
   173                           ; 2 bytes @ 0x4
   174     0074                     	ds	2
   175     0076                     send_command@cmd:
   176                           
   177                           ; 1 bytes @ 0x6
   178     0076                     	ds	1
   179     0077                     send_command@i_37:
   180                           
   181                           ; 2 bytes @ 0x7
   182     0077                     	ds	2
   183     0079                     send_command@i_39:
   184                           
   185                           ; 2 bytes @ 0x9
   186     0079                     	ds	2
   187     007B                     ??_main:
   188                           
   189                           ; 1 bytes @ 0xB
   190     007B                     	ds	3
   191                           
   192                           	psect	maintext
   193     077A                     __pmaintext:	
   194 ;;
   195 ;;Main: autosize = 0, tempsize = 3, incstack = 0, save=0
   196 ;;
   197 ;; *************** function _main *****************
   198 ;; Defined at:
   199 ;;		line 51 in file "main.c"
   200 ;; Parameters:    Size  Location     Type
   201 ;;		None
   202 ;; Auto vars:     Size  Location     Type
   203 ;;		None
   204 ;; Return value:  Size  Location     Type
   205 ;;                  1    wreg      void 
   206 ;; Registers used:
   207 ;;		wreg, status,2, status,0, btemp+1, pclath, cstack
   208 ;; Tracked objects:
   209 ;;		On entry : B00/0
   210 ;;		On exit  : 0/0
   211 ;;		Unchanged: 0/0
   212 ;; Data sizes:     COMMON   BANK0   BANK1   BANK2
   213 ;;      Params:         0       0       0       0
   214 ;;      Locals:         0       0       0       0
   215 ;;      Temps:          3       0       0       0
   216 ;;      Totals:         3       0       0       0
   217 ;;Total ram usage:        3 bytes
   218 ;; Hardware stack levels required when called: 2
   219 ;; This function calls:
   220 ;;		_send_command
   221 ;; This function is called by:
   222 ;;		Startup code after reset
   223 ;; This function uses a non-reentrant model
   224 ;;
   225                           
   226     077A                     _main:	
   227                           ;psect for function _main
   228                           
   229     077A                     l618:	
   230                           ;incstack = 0
   231                           ; Regs used in _main: [wreg+status,2+status,0+btemp+1+pclath+cstack]
   232                           
   233     077A  1683               	bsf	3,5	;RP0=1, select bank1
   234     077B  1303               	bcf	3,6	;RP1=0, select bank1
   235     077C  0186               	clrf	6	;volatile
   236     077D                     l620:
   237     077D  3007               	movlw	7
   238     077E  1283               	bcf	3,5	;RP0=0, select bank0
   239     077F  1303               	bcf	3,6	;RP1=0, select bank0
   240     0780  009F               	movwf	31	;volatile
   241     0781                     l622:
   242     0781  30AA               	movlw	170
   243     0782  27A1               	fcall	_send_command
   244     0783                     l624:
   245     0783  300B               	movlw	11
   246     0784  00FD               	movwf	??_main+2
   247     0785  3026               	movlw	38
   248     0786  00FC               	movwf	??_main+1
   249     0787  305D               	movlw	93
   250     0788  00FB               	movwf	??_main
   251     0789                     u107:
   252     0789  0BFB               	decfsz	??_main,f
   253     078A  2F89               	goto	u107
   254     078B  0BFC               	decfsz	??_main+1,f
   255     078C  2F89               	goto	u107
   256     078D  0BFD               	decfsz	??_main+2,f
   257     078E  2F89               	goto	u107
   258     078F  2F90               	nop2
   259     0790                     l626:
   260     0790  3055               	movlw	85
   261     0791  27A1               	fcall	_send_command
   262     0792                     l628:
   263     0792  300B               	movlw	11
   264     0793  00FD               	movwf	??_main+2
   265     0794  3026               	movlw	38
   266     0795  00FC               	movwf	??_main+1
   267     0796  305D               	movlw	93
   268     0797  00FB               	movwf	??_main
   269     0798                     u117:
   270     0798  0BFB               	decfsz	??_main,f
   271     0799  2F98               	goto	u117
   272     079A  0BFC               	decfsz	??_main+1,f
   273     079B  2F98               	goto	u117
   274     079C  0BFD               	decfsz	??_main+2,f
   275     079D  2F98               	goto	u117
   276     079E  2F9F               	nop2
   277     079F  2F81               	goto	l622
   278     07A0  2800               	ljmp	start
   279     07A1                     __end_of_main:
   280                           
   281                           	psect	text1
   282     07A1                     __ptext1:	
   283 ;; *************** function _send_command *****************
   284 ;; Defined at:
   285 ;;		line 35 in file "main.c"
   286 ;; Parameters:    Size  Location     Type
   287 ;;  cmd             1    wreg     unsigned char 
   288 ;; Auto vars:     Size  Location     Type
   289 ;;  cmd             1    6[COMMON] unsigned char 
   290 ;;  i               2    9[COMMON] int 
   291 ;;  i               2    7[COMMON] int 
   292 ;;  i               2    4[COMMON] int 
   293 ;;  checksum        1    3[COMMON] unsigned char 
   294 ;; Return value:  Size  Location     Type
   295 ;;                  1    wreg      void 
   296 ;; Registers used:
   297 ;;		wreg, status,2, status,0, btemp+1, pclath, cstack
   298 ;; Tracked objects:
   299 ;;		On entry : 0/0
   300 ;;		On exit  : 0/0
   301 ;;		Unchanged: 0/0
   302 ;; Data sizes:     COMMON   BANK0   BANK1   BANK2
   303 ;;      Params:         0       0       0       0
   304 ;;      Locals:         8       0       0       0
   305 ;;      Temps:          1       0       0       0
   306 ;;      Totals:         9       0       0       0
   307 ;;Total ram usage:        9 bytes
   308 ;; Hardware stack levels used: 1
   309 ;; Hardware stack levels required when called: 1
   310 ;; This function calls:
   311 ;;		_manchester_send
   312 ;; This function is called by:
   313 ;;		_main
   314 ;; This function uses a non-reentrant model
   315 ;;
   316                           
   317     07A1                     _send_command:	
   318                           ;psect for function _send_command
   319                           
   320                           
   321                           ;incstack = 0
   322                           ; Regs used in _send_command: [wreg+status,2+status,0+btemp+1+pclath+cstack]
   323                           ;send_command@cmd stored from wreg
   324     07A1  00F6               	movwf	send_command@cmd
   325     07A2                     l580:
   326                           
   327                           ;main.c: 37:     }
   328     07A2  01F4               	clrf	send_command@i
   329     07A3  01F5               	clrf	send_command@i+1
   330     07A4                     l586:
   331     07A4  3001               	movlw	1
   332     07A5  2759               	fcall	_manchester_send
   333     07A6                     l588:
   334     07A6  3001               	movlw	1
   335     07A7  07F4               	addwf	send_command@i,f
   336     07A8  1803               	skipnc
   337     07A9  0AF5               	incf	send_command@i+1,f
   338     07AA  3000               	movlw	0
   339     07AB  07F5               	addwf	send_command@i+1,f
   340     07AC                     l590:
   341     07AC  0875               	movf	send_command@i+1,w
   342     07AD  3A80               	xorlw	128
   343     07AE  00FF               	movwf	btemp+1
   344     07AF  3080               	movlw	128
   345     07B0  027F               	subwf	btemp+1,w
   346     07B1  1D03               	skipz
   347     07B2  2FB5               	goto	u55
   348     07B3  3008               	movlw	8
   349     07B4  0274               	subwf	send_command@i,w
   350     07B5                     u55:
   351     07B5  1C03               	skipc
   352     07B6  2FB8               	goto	u51
   353     07B7  2FB9               	goto	u50
   354     07B8                     u51:
   355     07B8  2FA4               	goto	l586
   356     07B9                     u50:
   357     07B9                     l592:
   358     07B9  01F7               	clrf	send_command@i_37
   359     07BA  01F8               	clrf	send_command@i_37+1
   360     07BB                     l598:
   361     07BB  0876               	movf	send_command@cmd,w
   362     07BC  00F2               	movwf	??_send_command
   363     07BD  0A77               	incf	send_command@i_37,w
   364     07BE  2FC1               	goto	u64
   365     07BF                     u65:
   366     07BF  1003               	clrc
   367     07C0  0CF2               	rrf	??_send_command,f
   368     07C1                     u64:
   369     07C1  3EFF               	addlw	-1
   370     07C2  1D03               	skipz
   371     07C3  2FBF               	goto	u65
   372     07C4  0872               	movf	??_send_command,w
   373     07C5  3901               	andlw	1
   374     07C6  2759               	fcall	_manchester_send
   375     07C7                     l600:
   376     07C7  3001               	movlw	1
   377     07C8  07F7               	addwf	send_command@i_37,f
   378     07C9  1803               	skipnc
   379     07CA  0AF8               	incf	send_command@i_37+1,f
   380     07CB  3000               	movlw	0
   381     07CC  07F8               	addwf	send_command@i_37+1,f
   382     07CD                     l602:
   383     07CD  0878               	movf	send_command@i_37+1,w
   384     07CE  3A80               	xorlw	128
   385     07CF  00FF               	movwf	btemp+1
   386     07D0  3080               	movlw	128
   387     07D1  027F               	subwf	btemp+1,w
   388     07D2  1D03               	skipz
   389     07D3  2FD6               	goto	u75
   390     07D4  3008               	movlw	8
   391     07D5  0277               	subwf	send_command@i_37,w
   392     07D6                     u75:
   393     07D6  1C03               	skipc
   394     07D7  2FD9               	goto	u71
   395     07D8  2FDA               	goto	u70
   396     07D9                     u71:
   397     07D9  2FBB               	goto	l598
   398     07DA                     u70:
   399     07DA                     l604:
   400     07DA  0976               	comf	send_command@cmd,w
   401     07DB  00F3               	movwf	send_command@checksum
   402     07DC                     l606:
   403     07DC  01F9               	clrf	send_command@i_39
   404     07DD  01FA               	clrf	send_command@i_39+1
   405     07DE                     l612:
   406     07DE  0873               	movf	send_command@checksum,w
   407     07DF  00F2               	movwf	??_send_command
   408     07E0  0A79               	incf	send_command@i_39,w
   409     07E1  2FE4               	goto	u84
   410     07E2                     u85:
   411     07E2  1003               	clrc
   412     07E3  0CF2               	rrf	??_send_command,f
   413     07E4                     u84:
   414     07E4  3EFF               	addlw	-1
   415     07E5  1D03               	skipz
   416     07E6  2FE2               	goto	u85
   417     07E7  0872               	movf	??_send_command,w
   418     07E8  3901               	andlw	1
   419     07E9  2759               	fcall	_manchester_send
   420     07EA                     l614:
   421     07EA  3001               	movlw	1
   422     07EB  07F9               	addwf	send_command@i_39,f
   423     07EC  1803               	skipnc
   424     07ED  0AFA               	incf	send_command@i_39+1,f
   425     07EE  3000               	movlw	0
   426     07EF  07FA               	addwf	send_command@i_39+1,f
   427     07F0                     l616:
   428     07F0  087A               	movf	send_command@i_39+1,w
   429     07F1  3A80               	xorlw	128
   430     07F2  00FF               	movwf	btemp+1
   431     07F3  3080               	movlw	128
   432     07F4  027F               	subwf	btemp+1,w
   433     07F5  1D03               	skipz
   434     07F6  2FF9               	goto	u95
   435     07F7  3008               	movlw	8
   436     07F8  0279               	subwf	send_command@i_39,w
   437     07F9                     u95:
   438     07F9  1C03               	skipc
   439     07FA  2FFC               	goto	u91
   440     07FB  2FFD               	goto	u90
   441     07FC                     u91:
   442     07FC  2FDE               	goto	l612
   443     07FD                     u90:
   444     07FD                     l20:
   445     07FD  0008               	return
   446     07FE                     __end_of_send_command:
   447                           
   448                           	psect	text2
   449     0759                     __ptext2:	
   450 ;; *************** function _manchester_send *****************
   451 ;; Defined at:
   452 ;;		line 28 in file "main.c"
   453 ;; Parameters:    Size  Location     Type
   454 ;;  bit             1    wreg     unsigned char 
   455 ;; Auto vars:     Size  Location     Type
   456 ;;  bit             1    1[COMMON] unsigned char 
   457 ;; Return value:  Size  Location     Type
   458 ;;                  1    wreg      void 
   459 ;; Registers used:
   460 ;;		wreg, status,2, status,0
   461 ;; Tracked objects:
   462 ;;		On entry : 0/0
   463 ;;		On exit  : 0/0
   464 ;;		Unchanged: 0/0
   465 ;; Data sizes:     COMMON   BANK0   BANK1   BANK2
   466 ;;      Params:         0       0       0       0
   467 ;;      Locals:         1       0       0       0
   468 ;;      Temps:          1       0       0       0
   469 ;;      Totals:         2       0       0       0
   470 ;;Total ram usage:        2 bytes
   471 ;; Hardware stack levels used: 1
   472 ;; This function calls:
   473 ;;		Nothing
   474 ;; This function is called by:
   475 ;;		_send_command
   476 ;; This function uses a non-reentrant model
   477 ;;
   478                           
   479     0759                     _manchester_send:	
   480                           ;psect for function _manchester_send
   481                           
   482                           
   483                           ;incstack = 0
   484                           ; Regs used in _manchester_send: [wreg+status,2+status,0]
   485                           ;manchester_send@bit stored from wreg
   486     0759  00F1               	movwf	manchester_send@bit
   487     075A                     l572:
   488                           
   489                           ;main.c: 29:     TRISB = 0x00;
   490     075A  0871               	movf	manchester_send@bit,w
   491     075B  1903               	btfsc	3,2
   492     075C  2F5E               	goto	u11
   493     075D  2F62               	goto	u10
   494     075E                     u11:
   495     075E  1283               	bcf	3,5	;RP0=0, select bank0
   496     075F  1303               	bcf	3,6	;RP1=0, select bank0
   497     0760  1406               	bsf	6,0	;volatile
   498     0761  2F65               	goto	u24
   499     0762                     u10:
   500     0762  1283               	bcf	3,5	;RP0=0, select bank0
   501     0763  1303               	bcf	3,6	;RP1=0, select bank0
   502     0764  1006               	bcf	6,0	;volatile
   503     0765                     u24:
   504     0765                     l574:
   505                           
   506                           ;main.c: 30:     CMCON = 0x07;
   507     0765  30A6               	movlw	166
   508     0766  00F0               	movwf	??_manchester_send
   509     0767                     u127:
   510     0767  0BF0               	decfsz	??_manchester_send,f
   511     0768  2F67               	goto	u127
   512     0769  0000               	nop
   513     076A                     l576:
   514                           
   515                           ;main.c: 31: 
   516     076A  1871               	btfsc	manchester_send@bit,0
   517     076B  2F6D               	goto	u31
   518     076C  2F71               	goto	u30
   519     076D                     u31:
   520     076D  1283               	bcf	3,5	;RP0=0, select bank0
   521     076E  1303               	bcf	3,6	;RP1=0, select bank0
   522     076F  1406               	bsf	6,0	;volatile
   523     0770  2F74               	goto	u44
   524     0771                     u30:
   525     0771  1283               	bcf	3,5	;RP0=0, select bank0
   526     0772  1303               	bcf	3,6	;RP1=0, select bank0
   527     0773  1006               	bcf	6,0	;volatile
   528     0774                     u44:
   529     0774                     l578:
   530                           
   531                           ;main.c: 32:     while(1) {
   532     0774  30A6               	movlw	166
   533     0775  00F0               	movwf	??_manchester_send
   534     0776                     u137:
   535     0776  0BF0               	decfsz	??_manchester_send,f
   536     0777  2F76               	goto	u137
   537     0778  0000               	nop
   538     0779                     l11:
   539     0779  0008               	return
   540     077A                     __end_of_manchester_send:
   541     0000                     ___latbits      equ	0
   542     007E                     btemp           set	126	;btemp
   543     007E                     wtemp0          set	126
   544                           
   545                           	psect	config
   546                           
   547                           ;Config register CONFIG @ 0x2007
   548                           ;	Oscillator Selection bits
   549                           ;	FOSC = XT, XT oscillator: Crystal/resonator on RA6/OSC2/CLKOUT and RA7/OSC1/CLKIN
   550                           ;	Watchdog Timer Enable bit
   551                           ;	WDTE = OFF, WDT disabled
   552                           ;	Power-up Timer Enable bit
   553                           ;	PWRTE = OFF, PWRT disabled
   554                           ;	RA5/MCLR/VPP Pin Function Select bit
   555                           ;	MCLRE = ON, RA5/MCLR/VPP pin function is MCLR
   556                           ;	Brown-out Detect Enable bit
   557                           ;	BOREN = OFF, BOD disabled
   558                           ;	Low-Voltage Programming Enable bit
   559                           ;	LVP = OFF, RB4/PGM pin has digital I/O function, HV on MCLR must be used for programmi
      +                          ng
   560                           ;	Data EE Memory Code Protection bit
   561                           ;	CPD = OFF, Data memory code protection off
   562                           ;	Flash Program Memory Code Protection bit
   563                           ;	CP = OFF, Code protection off
   564     2007                     	org	8199
   565     2007  3F29               	dw	16169

Data Sizes:
    Strings     0
    Constant    0
    Data        0
    BSS         0
    Persistent  0
    Stack       0

Auto Spaces:
    Space          Size  Autos    Used
    COMMON           14     14      14
    BANK0            80      0       0
    BANK1            80      0       0
    BANK2            48      0       0

Pointer List with Targets:

    None.

Critical Paths under _main in COMMON

    _main->_send_command
    _send_command->_manchester_send

Critical Paths under _main in BANK0

    None.

Critical Paths under _main in BANK1

    None.

Critical Paths under _main in BANK2

    None.

Call Graph Tables:

 ---------------------------------------------------------------------------------
 (Depth) Function   	        Calls       Base Space   Used Autos Params    Refs
 ---------------------------------------------------------------------------------
 (0) _main                                                 3     3      0     195
                                             11 COMMON     3     3      0
                       _send_command
 ---------------------------------------------------------------------------------
 (1) _send_command                                         9     9      0     195
                                              2 COMMON     9     9      0
                    _manchester_send
 ---------------------------------------------------------------------------------
 (2) _manchester_send                                      2     2      0      30
                                              0 COMMON     2     2      0
 ---------------------------------------------------------------------------------
 Estimated maximum stack depth 2
 ---------------------------------------------------------------------------------

 Call Graph Graphs:

 _main (ROOT)
   _send_command
     _manchester_send

Address spaces:
Name               Size   Autos  Total    Usage
BITCOMMON           14      0       0      0.0%
BITBANK0            80      0       0      0.0%
BITBANK1            80      0       0      0.0%
BITBANK2            48      0       0      0.0%
COMMON              14     14      14    100.0%
BANK0               80      0       0      0.0%
BANK1               80      0       0      0.0%
BANK2               48      0       0      0.0%
STACK                0      0       0      0.0%
DATA                 0      0      14      0.0%


Microchip Technology PIC Macro Assembler V3.00 build 20241204225717 
Symbol Table                                                                                   Mon Apr 28 10:35:16 2025

                     l11 0779                       l20 07FD                       u10 0762  
                     u11 075E                       u30 0771                       u31 076D  
                     u24 0765                       u50 07B9                       u51 07B8  
                     u44 0774                       u70 07DA                       u71 07D9  
                     u55 07B5                       u64 07C1                       u65 07BF  
                     u90 07FD                       u91 07FC                       u75 07D6  
                     u84 07E4                       u85 07E2                       u95 07F9  
                    l600 07C7                      l602 07CD                      l612 07DE  
                    l604 07DA                      l620 077D                      l614 07EA  
                    l606 07DC                      l622 0781                      l616 07F0  
                    l624 0783                      l626 0790                      l618 077A  
                    l572 075A                      l580 07A2                      l628 0792  
                    l574 0765                      l590 07AC                      l576 076A  
                    l592 07B9                      l578 0774                      l586 07A4  
                    l588 07A6                      l598 07BB                      _RB0 0030  
                    u107 0789                      u117 0798                      u127 0767  
                    u137 0776          send_command@cmd 0076                     _main 077A  
                   btemp 007E                     start 0000                    ?_main 0070  
                  _CMCON 001F                    _TRISB 0086         send_command@i_37 0077  
       send_command@i_39 0079                    status 0003                    wtemp0 007E  
        __initialization 07FE             __end_of_main 07A1                   ??_main 007B  
      ??_manchester_send 0070  __end_of__initialization 07FE           __pcstackCOMMON 0070  
             __pmaintext 077A            ?_send_command 0070           ??_send_command 0072  
     manchester_send@bit 0071                  __ptext1 07A1                  __ptext2 0759  
   end_of_initialization 07FE          _manchester_send 0759            send_command@i 0074  
   send_command@checksum 0073      start_initialization 07FE     __end_of_send_command 07FE  
__end_of_manchester_send 077A                ___latbits 0000         ?_manchester_send 0070  
           _send_command 07A1  
