

Microchip MPLAB XC8 Assembler V3.00 build 20241204225717 
                                                                                               Mon May 05 10:41:44 2025

Microchip MPLAB XC8 C Compiler v3.00 (Free license) build 20241204225717 Og1 
     1                           	processor	16F628A
     2                           	pagewidth 120
     3                           	opt	flic
     4                           	psect	cinit,global,class=CODE,space=0,merge=1,delta=2
     5                           	psect	cstackCOMMON,global,class=COMMON,space=1,delta=1,noexec
     6                           	psect	maintext,global,class=CODE,space=0,split=1,delta=2
     7                           	psect	config,global,abs,ovrld,class=CONFIG,space=4,delta=2,noexec
     8                           	dabs	1,0x7E,2
     9     0000                     
    10                           ; Generated 12/10/2023 GMT
    11                           ; 
    12                           ; Copyright © 2023, Microchip Technology Inc. and its subsidiaries ("Microchip")
    13                           ; All rights reserved.
    14                           ; 
    15                           ; This software is developed by Microchip Technology Inc. and its subsidiaries ("Microch
      +                          ip").
    16                           ; 
    17                           ; Redistribution and use in source and binary forms, with or without modification, are
    18                           ; permitted provided that the following conditions are met:
    19                           ; 
    20                           ;     1. Redistributions of source code must retain the above copyright notice, this lis
      +                          t of
    21                           ;        conditions and the following disclaimer.
    22                           ; 
    23                           ;     2. Redistributions in binary form must reproduce the above copyright notice, this 
      +                          list
    24                           ;        of conditions and the following disclaimer in the documentation and/or other
    25                           ;        materials provided with the distribution. Publication is not required when
    26                           ;        this file is used in an embedded application.
    27                           ; 
    28                           ;     3. Microchip's name may not be used to endorse or promote products derived from th
      +                          is
    29                           ;        software without specific prior written permission.
    30                           ; 
    31                           ; THIS SOFTWARE IS PROVIDED BY MICROCHIP "AS IS" AND ANY EXPRESS OR IMPLIED WARRANTIES,
    32                           ; INCLUDING, BUT NOT LIMITED TO, THE IMPLIED WARRANTIES OF MERCHANTABILITY AND FITNESS F
      +                          OR
    33                           ; PURPOSE ARE DISCLAIMED.  IN NO EVENT SHALL MICROCHIP BE LIABLE FOR ANY DIRECT, INDIREC
      +                          T,
    34                           ; INCIDENTAL, SPECIAL, EXEMPLARY, OR CONSEQUENTIAL DAMAGES (INCLUDING BUT NOT LIMITED TO
    35                           ; PROCUREMENT OF SUBSTITUTE GOODS OR SERVICES; LOSS OF USE, DATA OR PROFITS; OR BUSINESS
    36                           ; INTERRUPTION) HOWSOEVER CAUSED AND ON ANY THEORY OF LIABILITY, WHETHER IN CONTRACT, ST
      +                          RICT
    37                           ; LIABILITY, OR TORT (INCLUDING NEGLIGENCE OR OTHERWISE) ARISING IN ANY WAY OUT OF THE U
      +                          SE OF
    38                           ; THIS SOFTWARE, EVEN IF ADVISED OF THE POSSIBILITY OF SUCH DAMAGE.
    39                           ; 
    40                           ; 
    41                           ; Code-generator required, PIC16F628A Definitions
    42                           ; 
    43                           ; SFR Addresses
    44     0004                     fsr             equ	4
    45     0004                     fsr0            equ	4
    46     0000                     indf            equ	0
    47     0000                     indf0           equ	0
    48     0002                     pc              equ	2
    49     0002                     pcl             equ	2
    50     000A                     pclath          equ	10
    51     0003                     status          equ	3
    52     0000                     INDF            equ	0	;# 
    53     0001                     TMR0            equ	1	;# 
    54     0002                     PCL             equ	2	;# 
    55     0003                     STATUS          equ	3	;# 
    56     0004                     FSR             equ	4	;# 
    57     0005                     PORTA           equ	5	;# 
    58     0006                     PORTB           equ	6	;# 
    59     000A                     PCLATH          equ	10	;# 
    60     000B                     INTCON          equ	11	;# 
    61     000C                     PIR1            equ	12	;# 
    62     000E                     TMR1            equ	14	;# 
    63     000E                     TMR1L           equ	14	;# 
    64     000F                     TMR1H           equ	15	;# 
    65     0010                     T1CON           equ	16	;# 
    66     0011                     TMR2            equ	17	;# 
    67     0012                     T2CON           equ	18	;# 
    68     0015                     CCPR1           equ	21	;# 
    69     0015                     CCPR1L          equ	21	;# 
    70     0016                     CCPR1H          equ	22	;# 
    71     0017                     CCP1CON         equ	23	;# 
    72     0018                     RCSTA           equ	24	;# 
    73     0019                     TXREG           equ	25	;# 
    74     001A                     RCREG           equ	26	;# 
    75     001F                     CMCON           equ	31	;# 
    76     0081                     OPTION_REG      equ	129	;# 
    77     0085                     TRISA           equ	133	;# 
    78     0086                     TRISB           equ	134	;# 
    79     008C                     PIE1            equ	140	;# 
    80     008E                     PCON            equ	142	;# 
    81     0092                     PR2             equ	146	;# 
    82     0098                     TXSTA           equ	152	;# 
    83     0099                     SPBRG           equ	153	;# 
    84     009A                     EEDATA          equ	154	;# 
    85     009B                     EEADR           equ	155	;# 
    86     009C                     EECON1          equ	156	;# 
    87     009D                     EECON2          equ	157	;# 
    88     009F                     VRCON           equ	159	;# 
    89     0000                     INDF            equ	0	;# 
    90     0001                     TMR0            equ	1	;# 
    91     0002                     PCL             equ	2	;# 
    92     0003                     STATUS          equ	3	;# 
    93     0004                     FSR             equ	4	;# 
    94     0005                     PORTA           equ	5	;# 
    95     0006                     PORTB           equ	6	;# 
    96     000A                     PCLATH          equ	10	;# 
    97     000B                     INTCON          equ	11	;# 
    98     000C                     PIR1            equ	12	;# 
    99     000E                     TMR1            equ	14	;# 
   100     000E                     TMR1L           equ	14	;# 
   101     000F                     TMR1H           equ	15	;# 
   102     0010                     T1CON           equ	16	;# 
   103     0011                     TMR2            equ	17	;# 
   104     0012                     T2CON           equ	18	;# 
   105     0015                     CCPR1           equ	21	;# 
   106     0015                     CCPR1L          equ	21	;# 
   107     0016                     CCPR1H          equ	22	;# 
   108     0017                     CCP1CON         equ	23	;# 
   109     0018                     RCSTA           equ	24	;# 
   110     0019                     TXREG           equ	25	;# 
   111     001A                     RCREG           equ	26	;# 
   112     001F                     CMCON           equ	31	;# 
   113     0081                     OPTION_REG      equ	129	;# 
   114     0085                     TRISA           equ	133	;# 
   115     0086                     TRISB           equ	134	;# 
   116     008C                     PIE1            equ	140	;# 
   117     008E                     PCON            equ	142	;# 
   118     0092                     PR2             equ	146	;# 
   119     0098                     TXSTA           equ	152	;# 
   120     0099                     SPBRG           equ	153	;# 
   121     009A                     EEDATA          equ	154	;# 
   122     009B                     EEADR           equ	155	;# 
   123     009C                     EECON1          equ	156	;# 
   124     009D                     EECON2          equ	157	;# 
   125     009F                     VRCON           equ	159	;# 
   126     0019                     _TXREG          set	25
   127     0018                     _RCSTA          set	24
   128     0099                     _SPBRG          set	153
   129     0098                     _TXSTA          set	152
   130     0086                     _TRISB          set	134
   131     04C1                     _TRMT           set	1217
   132                           
   133                           	psect	cinit
   134     07FE                     start_initialization:	
   135                           ; #config settings
   136                           
   137     07FE                     __initialization:
   138     07FE                     end_of_initialization:	
   139                           ;End of C runtime variable initialization code
   140                           
   141     07FE                     __end_of__initialization:
   142     07FE  0183               	clrf	3
   143     07FF  2FD8               	ljmp	_main	;jump to C main() function
   144                           
   145                           	psect	cstackCOMMON
   146     0070                     __pcstackCOMMON:
   147     0070                     ?_main:
   148     0070                     ??_main:	
   149                           ; 1 bytes @ 0x0
   150                           
   151                           
   152                           ; 1 bytes @ 0x0
   153     0070                     	ds	3
   154                           
   155                           	psect	maintext
   156     07D8                     __pmaintext:	
   157 ;;
   158 ;;Main: autosize = 0, tempsize = 3, incstack = 0, save=0
   159 ;;
   160 ;; *************** function _main *****************
   161 ;; Defined at:
   162 ;;		line 9 in file "main.c"
   163 ;; Parameters:    Size  Location     Type
   164 ;;		None
   165 ;; Auto vars:     Size  Location     Type
   166 ;;		None
   167 ;; Return value:  Size  Location     Type
   168 ;;                  1    wreg      void 
   169 ;; Registers used:
   170 ;;		wreg, status,2
   171 ;; Tracked objects:
   172 ;;		On entry : B00/0
   173 ;;		On exit  : 0/0
   174 ;;		Unchanged: 0/0
   175 ;; Data sizes:     COMMON   BANK0   BANK1   BANK2
   176 ;;      Params:         0       0       0       0
   177 ;;      Locals:         0       0       0       0
   178 ;;      Temps:          3       0       0       0
   179 ;;      Totals:         3       0       0       0
   180 ;;Total ram usage:        3 bytes
   181 ;; This function calls:
   182 ;;		Nothing
   183 ;; This function is called by:
   184 ;;		Startup code after reset
   185 ;; This function uses a non-reentrant model
   186 ;;
   187                           
   188     07D8                     _main:	
   189                           ;psect for function _main
   190                           
   191     07D8                     l569:	
   192                           ;incstack = 0
   193                           ; Regs used in _main: [wreg+status,2]
   194                           
   195                           
   196                           ;main.c: 10: }
   197     07D8  1683               	bsf	3,5	;RP0=1, select bank1
   198     07D9  1303               	bcf	3,6	;RP1=0, select bank1
   199     07DA  0186               	clrf	6	;volatile
   200     07DB                     l571:
   201     07DB  3024               	movlw	36
   202     07DC  0098               	movwf	24	;volatile
   203     07DD                     l573:
   204     07DD  3090               	movlw	144
   205     07DE  1283               	bcf	3,5	;RP0=0, select bank0
   206     07DF  1303               	bcf	3,6	;RP1=0, select bank0
   207     07E0  0098               	movwf	24	;volatile
   208     07E1                     l575:
   209     07E1  3019               	movlw	25
   210     07E2  1683               	bsf	3,5	;RP0=1, select bank1
   211     07E3  1303               	bcf	3,6	;RP1=0, select bank1
   212     07E4  0099               	movwf	25	;volatile
   213     07E5                     l577:
   214     07E5  3041               	movlw	65
   215     07E6  1283               	bcf	3,5	;RP0=0, select bank0
   216     07E7  1303               	bcf	3,6	;RP1=0, select bank0
   217     07E8  0099               	movwf	25	;volatile
   218     07E9                     l20:
   219     07E9  1683               	bsf	3,5	;RP0=1, select bank1
   220     07EA  1303               	bcf	3,6	;RP1=0, select bank1
   221     07EB  1C98               	btfss	24,1	;volatile
   222     07EC  2FEE               	goto	u11
   223     07ED  2FEF               	goto	u10
   224     07EE                     u11:
   225     07EE  2FE9               	goto	l20
   226     07EF                     u10:
   227     07EF                     l579:
   228     07EF  3006               	movlw	6
   229     07F0  00F2               	movwf	??_main+2
   230     07F1  3013               	movlw	19
   231     07F2  00F1               	movwf	??_main+1
   232     07F3  30AD               	movlw	173
   233     07F4  00F0               	movwf	??_main
   234     07F5                     u27:
   235     07F5  0BF0               	decfsz	??_main,f
   236     07F6  2FF5               	goto	u27
   237     07F7  0BF1               	decfsz	??_main+1,f
   238     07F8  2FF5               	goto	u27
   239     07F9  0BF2               	decfsz	??_main+2,f
   240     07FA  2FF5               	goto	u27
   241     07FB  2FFC               	nop2
   242     07FC  2FE5               	goto	l577
   243     07FD  2800               	ljmp	start
   244     07FE                     __end_of_main:
   245     0000                     ___latbits      equ	0
   246     007E                     btemp           set	126	;btemp
   247     007E                     wtemp0          set	126
   248                           
   249                           	psect	config
   250                           
   251                           ;Config register CONFIG @ 0x2007
   252                           ;	Oscillator Selection bits
   253                           ;	FOSC = XT, XT oscillator: Crystal/resonator on RA6/OSC2/CLKOUT and RA7/OSC1/CLKIN
   254                           ;	Watchdog Timer Enable bit
   255                           ;	WDTE = OFF, WDT disabled
   256                           ;	Power-up Timer Enable bit
   257                           ;	PWRTE = OFF, PWRT disabled
   258                           ;	RA5/MCLR/VPP Pin Function Select bit
   259                           ;	MCLRE = ON, RA5/MCLR/VPP pin function is MCLR
   260                           ;	Brown-out Detect Enable bit
   261                           ;	BOREN = OFF, BOD disabled
   262                           ;	Low-Voltage Programming Enable bit
   263                           ;	LVP = OFF, RB4/PGM pin has digital I/O function, HV on MCLR must be used for programmi
      +                          ng
   264                           ;	Data EE Memory Code Protection bit
   265                           ;	CPD = OFF, Data memory code protection off
   266                           ;	Flash Program Memory Code Protection bit
   267                           ;	CP = OFF, Code protection off
   268     2007                     	org	8199
   269     2007  3F29               	dw	16169

Data Sizes:
    Strings     0
    Constant    0
    Data        0
    BSS         0
    Persistent  0
    Stack       0

Auto Spaces:
    Space          Size  Autos    Used
    COMMON           14      3       3
    BANK0            80      0       0
    BANK1            80      0       0
    BANK2            48      0       0

Pointer List with Targets:

    None.

Critical Paths under _main in COMMON

    None.

Critical Paths under _main in BANK0

    None.

Critical Paths under _main in BANK1

    None.

Critical Paths under _main in BANK2

    None.

Call Graph Tables:

 ---------------------------------------------------------------------------------
 (Depth) Function   	        Calls       Base Space   Used Autos Params    Refs
 ---------------------------------------------------------------------------------
 (0) _main                                                 3     3      0       0
                                              0 COMMON     3     3      0
 ---------------------------------------------------------------------------------
 Estimated maximum stack depth 0
 ---------------------------------------------------------------------------------

 Call Graph Graphs:

 _main (ROOT)

Address spaces:
Name               Size   Autos  Total    Usage
BITCOMMON           14      0       0      0.0%
BITBANK0            80      0       0      0.0%
BITBANK1            80      0       0      0.0%
BITBANK2            48      0       0      0.0%
COMMON              14      3       3     21.4%
BANK0               80      0       0      0.0%
BANK1               80      0       0      0.0%
BANK2               48      0       0      0.0%
STACK                0      0       0      0.0%
DATA                 0      0       3      0.0%


Microchip Technology PIC Macro Assembler V3.00 build 20241204225717 
Symbol Table                                                                                   Mon May 05 10:41:44 2025

                     l20 07E9                       u10 07EF                       u11 07EE  
                     u27 07F5                      l571 07DB                      l573 07DD  
                    l575 07E1                      l577 07E5                      l569 07D8  
                    l579 07EF                     _TRMT 04C1                     _main 07D8  
                   btemp 007E                     start 0000                    ?_main 0070  
                  _RCSTA 0018                    _SPBRG 0099                    _TRISB 0086  
                  _TXREG 0019                    _TXSTA 0098                    status 0003  
                  wtemp0 007E          __initialization 07FE             __end_of_main 07FE  
                 ??_main 0070  __end_of__initialization 07FE           __pcstackCOMMON 0070  
             __pmaintext 07D8     end_of_initialization 07FE      start_initialization 07FE  
              ___latbits 0000  
