

Microchip MPLAB XC8 Assembler V3.00 build 20241204225717 
                                                                                               Mon Mar 10 10:29:28 2025

Microchip MPLAB XC8 C Compiler v3.00 (Free license) build 20241204225717 Og1 
     1                           	processor	16F628A
     2                           	pagewidth 120
     3                           	opt	flic
     4                           	psect	cinit,global,class=CODE,space=0,merge=1,delta=2
     5                           	psect	cstackCOMMON,global,class=COMMON,space=1,delta=1,noexec
     6                           	psect	maintext,global,class=CODE,space=0,split=1,delta=2
     7                           	psect	config,global,abs,ovrld,class=CONFIG,space=4,delta=2,noexec
     8                           	dabs	1,0x7E,2
     9     0000                     
    10                           ; Generated 12/10/2023 GMT
    11                           ; 
    12                           ; Copyright © 2023, Microchip Technology Inc. and its subsidiaries ("Microchip")
    13                           ; All rights reserved.
    14                           ; 
    15                           ; This software is developed by Microchip Technology Inc. and its subsidiaries ("Microch
      +                          ip").
    16                           ; 
    17                           ; Redistribution and use in source and binary forms, with or without modification, are
    18                           ; permitted provided that the following conditions are met:
    19                           ; 
    20                           ;     1. Redistributions of source code must retain the above copyright notice, this lis
      +                          t of
    21                           ;        conditions and the following disclaimer.
    22                           ; 
    23                           ;     2. Redistributions in binary form must reproduce the above copyright notice, this 
      +                          list
    24                           ;        of conditions and the following disclaimer in the documentation and/or other
    25                           ;        materials provided with the distribution. Publication is not required when
    26                           ;        this file is used in an embedded application.
    27                           ; 
    28                           ;     3. Microchip's name may not be used to endorse or promote products derived from th
      +                          is
    29                           ;        software without specific prior written permission.
    30                           ; 
    31                           ; THIS SOFTWARE IS PROVIDED BY MICROCHIP "AS IS" AND ANY EXPRESS OR IMPLIED WARRANTIES,
    32                           ; INCLUDING, BUT NOT LIMITED TO, THE IMPLIED WARRANTIES OF MERCHANTABILITY AND FITNESS F
      +                          OR
    33                           ; PURPOSE ARE DISCLAIMED.  IN NO EVENT SHALL MICROCHIP BE LIABLE FOR ANY DIRECT, INDIREC
      +                          T,
    34                           ; INCIDENTAL, SPECIAL, EXEMPLARY, OR CONSEQUENTIAL DAMAGES (INCLUDING BUT NOT LIMITED TO
    35                           ; PROCUREMENT OF SUBSTITUTE GOODS OR SERVICES; LOSS OF USE, DATA OR PROFITS; OR BUSINESS
    36                           ; INTERRUPTION) HOWSOEVER CAUSED AND ON ANY THEORY OF LIABILITY, WHETHER IN CONTRACT, ST
      +                          RICT
    37                           ; LIABILITY, OR TORT (INCLUDING NEGLIGENCE OR OTHERWISE) ARISING IN ANY WAY OUT OF THE U
      +                          SE OF
    38                           ; THIS SOFTWARE, EVEN IF ADVISED OF THE POSSIBILITY OF SUCH DAMAGE.
    39                           ; 
    40                           ; 
    41                           ; Code-generator required, PIC16F628A Definitions
    42                           ; 
    43                           ; SFR Addresses
    44     0004                     fsr             equ	4
    45     0004                     fsr0            equ	4
    46     0000                     indf            equ	0
    47     0000                     indf0           equ	0
    48     0002                     pc              equ	2
    49     0002                     pcl             equ	2
    50     000A                     pclath          equ	10
    51     0003                     status          equ	3
    52     0000                     INDF            equ	0	;# 
    53     0001                     TMR0            equ	1	;# 
    54     0002                     PCL             equ	2	;# 
    55     0003                     STATUS          equ	3	;# 
    56     0004                     FSR             equ	4	;# 
    57     0005                     PORTA           equ	5	;# 
    58     0006                     PORTB           equ	6	;# 
    59     000A                     PCLATH          equ	10	;# 
    60     000B                     INTCON          equ	11	;# 
    61     000C                     PIR1            equ	12	;# 
    62     000E                     TMR1            equ	14	;# 
    63     000E                     TMR1L           equ	14	;# 
    64     000F                     TMR1H           equ	15	;# 
    65     0010                     T1CON           equ	16	;# 
    66     0011                     TMR2            equ	17	;# 
    67     0012                     T2CON           equ	18	;# 
    68     0015                     CCPR1           equ	21	;# 
    69     0015                     CCPR1L          equ	21	;# 
    70     0016                     CCPR1H          equ	22	;# 
    71     0017                     CCP1CON         equ	23	;# 
    72     0018                     RCSTA           equ	24	;# 
    73     0019                     TXREG           equ	25	;# 
    74     001A                     RCREG           equ	26	;# 
    75     001F                     CMCON           equ	31	;# 
    76     0081                     OPTION_REG      equ	129	;# 
    77     0085                     TRISA           equ	133	;# 
    78     0086                     TRISB           equ	134	;# 
    79     008C                     PIE1            equ	140	;# 
    80     008E                     PCON            equ	142	;# 
    81     0092                     PR2             equ	146	;# 
    82     0098                     TXSTA           equ	152	;# 
    83     0099                     SPBRG           equ	153	;# 
    84     009A                     EEDATA          equ	154	;# 
    85     009B                     EEADR           equ	155	;# 
    86     009C                     EECON1          equ	156	;# 
    87     009D                     EECON2          equ	157	;# 
    88     009F                     VRCON           equ	159	;# 
    89     0000                     INDF            equ	0	;# 
    90     0001                     TMR0            equ	1	;# 
    91     0002                     PCL             equ	2	;# 
    92     0003                     STATUS          equ	3	;# 
    93     0004                     FSR             equ	4	;# 
    94     0005                     PORTA           equ	5	;# 
    95     0006                     PORTB           equ	6	;# 
    96     000A                     PCLATH          equ	10	;# 
    97     000B                     INTCON          equ	11	;# 
    98     000C                     PIR1            equ	12	;# 
    99     000E                     TMR1            equ	14	;# 
   100     000E                     TMR1L           equ	14	;# 
   101     000F                     TMR1H           equ	15	;# 
   102     0010                     T1CON           equ	16	;# 
   103     0011                     TMR2            equ	17	;# 
   104     0012                     T2CON           equ	18	;# 
   105     0015                     CCPR1           equ	21	;# 
   106     0015                     CCPR1L          equ	21	;# 
   107     0016                     CCPR1H          equ	22	;# 
   108     0017                     CCP1CON         equ	23	;# 
   109     0018                     RCSTA           equ	24	;# 
   110     0019                     TXREG           equ	25	;# 
   111     001A                     RCREG           equ	26	;# 
   112     001F                     CMCON           equ	31	;# 
   113     0081                     OPTION_REG      equ	129	;# 
   114     0085                     TRISA           equ	133	;# 
   115     0086                     TRISB           equ	134	;# 
   116     008C                     PIE1            equ	140	;# 
   117     008E                     PCON            equ	142	;# 
   118     0092                     PR2             equ	146	;# 
   119     0098                     TXSTA           equ	152	;# 
   120     0099                     SPBRG           equ	153	;# 
   121     009A                     EEDATA          equ	154	;# 
   122     009B                     EEADR           equ	155	;# 
   123     009C                     EECON1          equ	156	;# 
   124     009D                     EECON2          equ	157	;# 
   125     009F                     VRCON           equ	159	;# 
   126     0005                     _PORTAbits      set	5
   127     001F                     _CMCON          set	31
   128     0005                     _PORTA          set	5
   129     0085                     _TRISA          set	133
   130                           
   131                           	psect	cinit
   132     07FE                     start_initialization:	
   133                           ; #config settings
   134                           
   135     07FE                     __initialization:
   136     07FE                     end_of_initialization:	
   137                           ;End of C runtime variable initialization code
   138                           
   139     07FE                     __end_of__initialization:
   140     07FE  0183               	clrf	3
   141     07FF  2FC0               	ljmp	_main	;jump to C main() function
   142                           
   143                           	psect	cstackCOMMON
   144     0070                     __pcstackCOMMON:
   145     0070                     ?_main:
   146     0070                     ??_main:	
   147                           ; 1 bytes @ 0x0
   148                           
   149                           
   150                           ; 1 bytes @ 0x0
   151     0070                     	ds	3
   152                           
   153                           	psect	maintext
   154     07C0                     __pmaintext:	
   155 ;;
   156 ;;Main: autosize = 0, tempsize = 3, incstack = 0, save=0
   157 ;;
   158 ;; *************** function _main *****************
   159 ;; Defined at:
   160 ;;		line 41 in file "main.c"
   161 ;; Parameters:    Size  Location     Type
   162 ;;		None
   163 ;; Auto vars:     Size  Location     Type
   164 ;;		None
   165 ;; Return value:  Size  Location     Type
   166 ;;                  1    wreg      void 
   167 ;; Registers used:
   168 ;;		wreg, status,2
   169 ;; Tracked objects:
   170 ;;		On entry : B00/0
   171 ;;		On exit  : 0/0
   172 ;;		Unchanged: 0/0
   173 ;; Data sizes:     COMMON   BANK0   BANK1   BANK2
   174 ;;      Params:         0       0       0       0
   175 ;;      Locals:         0       0       0       0
   176 ;;      Temps:          3       0       0       0
   177 ;;      Totals:         3       0       0       0
   178 ;;Total ram usage:        3 bytes
   179 ;; This function calls:
   180 ;;		Nothing
   181 ;; This function is called by:
   182 ;;		Startup code after reset
   183 ;; This function uses a non-reentrant model
   184 ;;
   185                           
   186     07C0                     _main:	
   187                           ;psect for function _main
   188                           
   189     07C0                     l562:	
   190                           ;incstack = 0
   191                           ; Regs used in _main: [wreg+status,2]
   192                           
   193                           
   194                           ;main.c: 42:     TRISA = 0x00;
   195     07C0  1683               	bsf	3,5	;RP0=1, select bank1
   196     07C1  1303               	bcf	3,6	;RP1=0, select bank1
   197     07C2  0185               	clrf	5	;volatile
   198                           
   199                           ;main.c: 43:     PORTA = 0x00;
   200     07C3  1283               	bcf	3,5	;RP0=0, select bank0
   201     07C4  1303               	bcf	3,6	;RP1=0, select bank0
   202     07C5  0185               	clrf	5	;volatile
   203     07C6                     l564:
   204                           
   205                           ;main.c: 44:     CMCON = 0x07;
   206     07C6  3007               	movlw	7
   207     07C7  009F               	movwf	31	;volatile
   208     07C8                     l566:
   209                           
   210                           ;main.c: 47:         PORTAbits.RA0 = 1;
   211     07C8  1283               	bcf	3,5	;RP0=0, select bank0
   212     07C9  1303               	bcf	3,6	;RP1=0, select bank0
   213     07CA  1405               	bsf	5,0	;volatile
   214     07CB                     l568:
   215                           
   216                           ;main.c: 48:         PORTAbits.RA2 = 0;
   217     07CB  1105               	bcf	5,2	;volatile
   218     07CC                     l570:
   219                           
   220                           ;main.c: 49:         PORTAbits.RA1 = 0;
   221     07CC  1085               	bcf	5,1	;volatile
   222     07CD                     l572:
   223                           
   224                           ;main.c: 50:         _delay((unsigned long)((1000)*(4000000/4000.0)));
   225     07CD  3006               	movlw	6
   226     07CE  00F2               	movwf	??_main+2
   227     07CF  3013               	movlw	19
   228     07D0  00F1               	movwf	??_main+1
   229     07D1  30AD               	movlw	173
   230     07D2  00F0               	movwf	??_main
   231     07D3                     u17:
   232     07D3  0BF0               	decfsz	??_main,f
   233     07D4  2FD3               	goto	u17
   234     07D5  0BF1               	decfsz	??_main+1,f
   235     07D6  2FD3               	goto	u17
   236     07D7  0BF2               	decfsz	??_main+2,f
   237     07D8  2FD3               	goto	u17
   238     07D9  2FDA               	nop2
   239     07DA                     l574:
   240                           
   241                           ;main.c: 52:         PORTAbits.RA0 = 0;
   242     07DA  1283               	bcf	3,5	;RP0=0, select bank0
   243     07DB  1303               	bcf	3,6	;RP1=0, select bank0
   244     07DC  1005               	bcf	5,0	;volatile
   245     07DD                     l576:
   246                           
   247                           ;main.c: 53:         PORTAbits.RA1 = 1;
   248     07DD  1485               	bsf	5,1	;volatile
   249     07DE                     l578:
   250                           
   251                           ;main.c: 54:         _delay((unsigned long)((2000)*(4000000/4000.0)));
   252     07DE  300B               	movlw	11
   253     07DF  00F2               	movwf	??_main+2
   254     07E0  3026               	movlw	38
   255     07E1  00F1               	movwf	??_main+1
   256     07E2  305D               	movlw	93
   257     07E3  00F0               	movwf	??_main
   258     07E4                     u27:
   259     07E4  0BF0               	decfsz	??_main,f
   260     07E5  2FE4               	goto	u27
   261     07E6  0BF1               	decfsz	??_main+1,f
   262     07E7  2FE4               	goto	u27
   263     07E8  0BF2               	decfsz	??_main+2,f
   264     07E9  2FE4               	goto	u27
   265     07EA  2FEB               	nop2
   266     07EB                     l580:
   267                           
   268                           ;main.c: 56:         PORTAbits.RA1 = 0;
   269     07EB  1283               	bcf	3,5	;RP0=0, select bank0
   270     07EC  1303               	bcf	3,6	;RP1=0, select bank0
   271     07ED  1085               	bcf	5,1	;volatile
   272     07EE                     l582:
   273                           
   274                           ;main.c: 57:         PORTAbits.RA2 = 1;
   275     07EE  1505               	bsf	5,2	;volatile
   276     07EF                     l584:
   277                           
   278                           ;main.c: 58:         _delay((unsigned long)((1000)*(4000000/4000.0)));
   279     07EF  3006               	movlw	6
   280     07F0  00F2               	movwf	??_main+2
   281     07F1  3013               	movlw	19
   282     07F2  00F1               	movwf	??_main+1
   283     07F3  30AD               	movlw	173
   284     07F4  00F0               	movwf	??_main
   285     07F5                     u37:
   286     07F5  0BF0               	decfsz	??_main,f
   287     07F6  2FF5               	goto	u37
   288     07F7  0BF1               	decfsz	??_main+1,f
   289     07F8  2FF5               	goto	u37
   290     07F9  0BF2               	decfsz	??_main+2,f
   291     07FA  2FF5               	goto	u37
   292     07FB  2FFC               	nop2
   293     07FC  2FC8               	goto	l566
   294     07FD  2800               	ljmp	start
   295     07FE                     __end_of_main:
   296     0000                     ___latbits      equ	0
   297     007E                     btemp           set	126	;btemp
   298     007E                     wtemp0          set	126
   299                           
   300                           	psect	config
   301                           
   302                           ;Config register CONFIG @ 0x2007
   303                           ;	Oscillator Selection bits
   304                           ;	FOSC = XT, XT oscillator: Crystal/resonator on RA6/OSC2/CLKOUT and RA7/OSC1/CLKIN
   305                           ;	Watchdog Timer Enable bit
   306                           ;	WDTE = OFF, WDT disabled
   307                           ;	Power-up Timer Enable bit
   308                           ;	PWRTE = OFF, PWRT disabled
   309                           ;	RA5/MCLR/VPP Pin Function Select bit
   310                           ;	MCLRE = ON, RA5/MCLR/VPP pin function is MCLR
   311                           ;	Brown-out Detect Enable bit
   312                           ;	BOREN = OFF, BOD disabled
   313                           ;	Low-Voltage Programming Enable bit
   314                           ;	LVP = OFF, RB4/PGM pin has digital I/O function, HV on MCLR must be used for programmi
      +                          ng
   315                           ;	Data EE Memory Code Protection bit
   316                           ;	CPD = OFF, Data memory code protection off
   317                           ;	Flash Program Memory Code Protection bit
   318                           ;	CP = OFF, Code protection off
   319     2007                     	org	8199
   320     2007  3F29               	dw	16169

Data Sizes:
    Strings     0
    Constant    0
    Data        0
    BSS         0
    Persistent  0
    Stack       0

Auto Spaces:
    Space          Size  Autos    Used
    COMMON           14      3       3
    BANK0            80      0       0
    BANK1            80      0       0
    BANK2            48      0       0

Pointer List with Targets:

    None.

Critical Paths under _main in COMMON

    None.

Critical Paths under _main in BANK0

    None.

Critical Paths under _main in BANK1

    None.

Critical Paths under _main in BANK2

    None.

Call Graph Tables:

 ---------------------------------------------------------------------------------
 (Depth) Function   	        Calls       Base Space   Used Autos Params    Refs
 ---------------------------------------------------------------------------------
 (0) _main                                                 3     3      0       0
                                              0 COMMON     3     3      0
 ---------------------------------------------------------------------------------
 Estimated maximum stack depth 0
 ---------------------------------------------------------------------------------

 Call Graph Graphs:

 _main (ROOT)

Address spaces:
Name               Size   Autos  Total    Usage
BITCOMMON           14      0       0      0.0%
BITBANK0            80      0       0      0.0%
BITBANK1            80      0       0      0.0%
BITBANK2            48      0       0      0.0%
COMMON              14      3       3     21.4%
BANK0               80      0       0      0.0%
BANK1               80      0       0      0.0%
BANK2               48      0       0      0.0%
STACK                0      0       0      0.0%
DATA                 0      0       3      0.0%


Microchip Technology PIC Macro Assembler V3.00 build 20241204225717 
Symbol Table                                                                                   Mon Mar 10 10:29:28 2025

                     u17 07D3                       u27 07E4                       u37 07F5  
                    l570 07CC                      l562 07C0                      l580 07EB  
                    l572 07CD                      l564 07C6                      l582 07EE  
                    l574 07DA                      l566 07C8                      l584 07EF  
                    l576 07DD                      l568 07CB                      l578 07DE  
                   _main 07C0                     btemp 007E                     start 0000  
                  ?_main 0070                    _CMCON 001F                    _PORTA 0005  
                  _TRISA 0085                    status 0003                    wtemp0 007E  
        __initialization 07FE             __end_of_main 07FE                   ??_main 0070  
__end_of__initialization 07FE           __pcstackCOMMON 0070               __pmaintext 07C0  
   end_of_initialization 07FE                _PORTAbits 0005      start_initialization 07FE  
              ___latbits 0000  
