

Microchip MPLAB XC8 Assembler V3.00 build 20241204225717 
                                                                                               Thu May 01 09:35:33 2025

Microchip MPLAB XC8 C Compiler v3.00 (Free license) build 20241204225717 Og1 
     1                           	processor	16F628A
     2                           	pagewidth 120
     3                           	opt	flic
     4                           	psect	cinit,global,class=CODE,space=0,merge=1,delta=2
     5                           	psect	cstackCOMMON,global,class=COMMON,space=1,delta=1,noexec
     6                           	psect	maintext,global,class=CODE,space=0,split=1,delta=2
     7                           	psect	text1,local,class=CODE,space=0,merge=1,delta=2
     8                           	psect	config,global,abs,ovrld,class=CONFIG,space=4,delta=2,noexec
     9                           	dabs	1,0x7E,2
    10     0000                     
    11                           ; Generated 12/10/2023 GMT
    12                           ; 
    13                           ; Copyright © 2023, Microchip Technology Inc. and its subsidiaries ("Microchip")
    14                           ; All rights reserved.
    15                           ; 
    16                           ; This software is developed by Microchip Technology Inc. and its subsidiaries ("Microch
      +                          ip").
    17                           ; 
    18                           ; Redistribution and use in source and binary forms, with or without modification, are
    19                           ; permitted provided that the following conditions are met:
    20                           ; 
    21                           ;     1. Redistributions of source code must retain the above copyright notice, this lis
      +                          t of
    22                           ;        conditions and the following disclaimer.
    23                           ; 
    24                           ;     2. Redistributions in binary form must reproduce the above copyright notice, this 
      +                          list
    25                           ;        of conditions and the following disclaimer in the documentation and/or other
    26                           ;        materials provided with the distribution. Publication is not required when
    27                           ;        this file is used in an embedded application.
    28                           ; 
    29                           ;     3. Microchip's name may not be used to endorse or promote products derived from th
      +                          is
    30                           ;        software without specific prior written permission.
    31                           ; 
    32                           ; THIS SOFTWARE IS PROVIDED BY MICROCHIP "AS IS" AND ANY EXPRESS OR IMPLIED WARRANTIES,
    33                           ; INCLUDING, BUT NOT LIMITED TO, THE IMPLIED WARRANTIES OF MERCHANTABILITY AND FITNESS F
      +                          OR
    34                           ; PURPOSE ARE DISCLAIMED.  IN NO EVENT SHALL MICROCHIP BE LIABLE FOR ANY DIRECT, INDIREC
      +                          T,
    35                           ; INCIDENTAL, SPECIAL, EXEMPLARY, OR CONSEQUENTIAL DAMAGES (INCLUDING BUT NOT LIMITED TO
    36                           ; PROCUREMENT OF SUBSTITUTE GOODS OR SERVICES; LOSS OF USE, DATA OR PROFITS; OR BUSINESS
    37                           ; INTERRUPTION) HOWSOEVER CAUSED AND ON ANY THEORY OF LIABILITY, WHETHER IN CONTRACT, ST
      +                          RICT
    38                           ; LIABILITY, OR TORT (INCLUDING NEGLIGENCE OR OTHERWISE) ARISING IN ANY WAY OUT OF THE U
      +                          SE OF
    39                           ; THIS SOFTWARE, EVEN IF ADVISED OF THE POSSIBILITY OF SUCH DAMAGE.
    40                           ; 
    41                           ; 
    42                           ; Code-generator required, PIC16F628A Definitions
    43                           ; 
    44                           ; SFR Addresses
    45     0004                     fsr             equ	4
    46     0004                     fsr0            equ	4
    47     0000                     indf            equ	0
    48     0000                     indf0           equ	0
    49     0002                     pc              equ	2
    50     0002                     pcl             equ	2
    51     000A                     pclath          equ	10
    52     0003                     status          equ	3
    53     0000                     INDF            equ	0	;# 
    54     0001                     TMR0            equ	1	;# 
    55     0002                     PCL             equ	2	;# 
    56     0003                     STATUS          equ	3	;# 
    57     0004                     FSR             equ	4	;# 
    58     0005                     PORTA           equ	5	;# 
    59     0006                     PORTB           equ	6	;# 
    60     000A                     PCLATH          equ	10	;# 
    61     000B                     INTCON          equ	11	;# 
    62     000C                     PIR1            equ	12	;# 
    63     000E                     TMR1            equ	14	;# 
    64     000E                     TMR1L           equ	14	;# 
    65     000F                     TMR1H           equ	15	;# 
    66     0010                     T1CON           equ	16	;# 
    67     0011                     TMR2            equ	17	;# 
    68     0012                     T2CON           equ	18	;# 
    69     0015                     CCPR1           equ	21	;# 
    70     0015                     CCPR1L          equ	21	;# 
    71     0016                     CCPR1H          equ	22	;# 
    72     0017                     CCP1CON         equ	23	;# 
    73     0018                     RCSTA           equ	24	;# 
    74     0019                     TXREG           equ	25	;# 
    75     001A                     RCREG           equ	26	;# 
    76     001F                     CMCON           equ	31	;# 
    77     0081                     OPTION_REG      equ	129	;# 
    78     0085                     TRISA           equ	133	;# 
    79     0086                     TRISB           equ	134	;# 
    80     008C                     PIE1            equ	140	;# 
    81     008E                     PCON            equ	142	;# 
    82     0092                     PR2             equ	146	;# 
    83     0098                     TXSTA           equ	152	;# 
    84     0099                     SPBRG           equ	153	;# 
    85     009A                     EEDATA          equ	154	;# 
    86     009B                     EEADR           equ	155	;# 
    87     009C                     EECON1          equ	156	;# 
    88     009D                     EECON2          equ	157	;# 
    89     009F                     VRCON           equ	159	;# 
    90     0000                     INDF            equ	0	;# 
    91     0001                     TMR0            equ	1	;# 
    92     0002                     PCL             equ	2	;# 
    93     0003                     STATUS          equ	3	;# 
    94     0004                     FSR             equ	4	;# 
    95     0005                     PORTA           equ	5	;# 
    96     0006                     PORTB           equ	6	;# 
    97     000A                     PCLATH          equ	10	;# 
    98     000B                     INTCON          equ	11	;# 
    99     000C                     PIR1            equ	12	;# 
   100     000E                     TMR1            equ	14	;# 
   101     000E                     TMR1L           equ	14	;# 
   102     000F                     TMR1H           equ	15	;# 
   103     0010                     T1CON           equ	16	;# 
   104     0011                     TMR2            equ	17	;# 
   105     0012                     T2CON           equ	18	;# 
   106     0015                     CCPR1           equ	21	;# 
   107     0015                     CCPR1L          equ	21	;# 
   108     0016                     CCPR1H          equ	22	;# 
   109     0017                     CCP1CON         equ	23	;# 
   110     0018                     RCSTA           equ	24	;# 
   111     0019                     TXREG           equ	25	;# 
   112     001A                     RCREG           equ	26	;# 
   113     001F                     CMCON           equ	31	;# 
   114     0081                     OPTION_REG      equ	129	;# 
   115     0085                     TRISA           equ	133	;# 
   116     0086                     TRISB           equ	134	;# 
   117     008C                     PIE1            equ	140	;# 
   118     008E                     PCON            equ	142	;# 
   119     0092                     PR2             equ	146	;# 
   120     0098                     TXSTA           equ	152	;# 
   121     0099                     SPBRG           equ	153	;# 
   122     009A                     EEDATA          equ	154	;# 
   123     009B                     EEADR           equ	155	;# 
   124     009C                     EECON1          equ	156	;# 
   125     009D                     EECON2          equ	157	;# 
   126     009F                     VRCON           equ	159	;# 
   127     001F                     _CMCON          set	31
   128     0037                     _RB7            set	55
   129     0028                     _RA0            set	40
   130     0086                     _TRISB          set	134
   131     0085                     _TRISA          set	133
   132                           
   133                           	psect	cinit
   134     07FE                     start_initialization:	
   135                           ; #config settings
   136                           
   137     07FE                     __initialization:
   138     07FE                     end_of_initialization:	
   139                           ;End of C runtime variable initialization code
   140                           
   141     07FE                     __end_of__initialization:
   142     07FE  0183               	clrf	3
   143     07FF  2F94               	ljmp	_main	;jump to C main() function
   144                           
   145                           	psect	cstackCOMMON
   146     0070                     __pcstackCOMMON:
   147     0070                     ?_manchester_read:
   148     0070                     ?_main:	
   149                           ; 1 bytes @ 0x0
   150                           
   151     0070                     ??_manchester_read:	
   152                           ; 1 bytes @ 0x0
   153                           
   154                           
   155                           ; 1 bytes @ 0x0
   156     0070                     	ds	1
   157     0071                     manchester_read@bit:
   158                           
   159                           ; 1 bytes @ 0x1
   160     0071                     	ds	1
   161     0072                     manchester_read@data:
   162                           
   163                           ; 1 bytes @ 0x2
   164     0072                     	ds	1
   165     0073                     manchester_read@i:
   166                           
   167                           ; 2 bytes @ 0x3
   168     0073                     	ds	2
   169     0075                     ??_main:
   170                           
   171                           ; 1 bytes @ 0x5
   172     0075                     	ds	1
   173     0076                     main@checksum:
   174                           
   175                           ; 1 bytes @ 0x6
   176     0076                     	ds	1
   177     0077                     main@cmd:
   178                           
   179                           ; 1 bytes @ 0x7
   180     0077                     	ds	1
   181                           
   182                           	psect	maintext
   183     0794                     __pmaintext:	
   184 ;;
   185 ;;Main: autosize = 0, tempsize = 1, incstack = 0, save=0
   186 ;;
   187 ;; *************** function _main *****************
   188 ;; Defined at:
   189 ;;		line 82 in file "main.c"
   190 ;; Parameters:    Size  Location     Type
   191 ;;		None
   192 ;; Auto vars:     Size  Location     Type
   193 ;;  cmd             1    7[COMMON] unsigned char 
   194 ;;  checksum        1    6[COMMON] unsigned char 
   195 ;; Return value:  Size  Location     Type
   196 ;;                  1    wreg      void 
   197 ;; Registers used:
   198 ;;		wreg, status,2, status,0, btemp+1, pclath, cstack
   199 ;; Tracked objects:
   200 ;;		On entry : B00/0
   201 ;;		On exit  : 0/0
   202 ;;		Unchanged: 0/0
   203 ;; Data sizes:     COMMON   BANK0   BANK1   BANK2
   204 ;;      Params:         0       0       0       0
   205 ;;      Locals:         2       0       0       0
   206 ;;      Temps:          1       0       0       0
   207 ;;      Totals:         3       0       0       0
   208 ;;Total ram usage:        3 bytes
   209 ;; Hardware stack levels required when called: 1
   210 ;; This function calls:
   211 ;;		_manchester_read
   212 ;; This function is called by:
   213 ;;		Startup code after reset
   214 ;; This function uses a non-reentrant model
   215 ;;
   216                           
   217     0794                     _main:	
   218                           ;psect for function _main
   219                           
   220     0794                     l594:	
   221                           ;incstack = 0
   222                           ; Regs used in _main: [wreg+status,2+status,0+btemp+1+pclath+cstack]
   223                           
   224                           
   225                           ;main.c: 83:     TRISA = 0xFF;
   226     0794  30FF               	movlw	255
   227     0795  1683               	bsf	3,5	;RP0=1, select bank1
   228     0796  1303               	bcf	3,6	;RP1=0, select bank1
   229     0797  0085               	movwf	5	;volatile
   230     0798                     l596:
   231                           
   232                           ;main.c: 84:     TRISB = 0x00;
   233     0798  0186               	clrf	6	;volatile
   234     0799                     l598:
   235                           
   236                           ;main.c: 85:     CMCON = 0x07;
   237     0799  3007               	movlw	7
   238     079A  1283               	bcf	3,5	;RP0=0, select bank0
   239     079B  1303               	bcf	3,6	;RP1=0, select bank0
   240     079C  009F               	movwf	31	;volatile
   241     079D                     l600:
   242                           
   243                           ;main.c: 89:         if(RA0 == 1) {
   244     079D  1283               	bcf	3,5	;RP0=0, select bank0
   245     079E  1303               	bcf	3,6	;RP1=0, select bank0
   246     079F  1C05               	btfss	5,0	;volatile
   247     07A0  2FA2               	goto	u41
   248     07A1  2FA3               	goto	u40
   249     07A2                     u41:
   250     07A2  2FC1               	goto	l614
   251     07A3                     u40:
   252     07A3                     l602:
   253                           
   254                           ;main.c: 90:             unsigned char cmd = manchester_read();
   255     07A3  27C7               	fcall	_manchester_read
   256     07A4  00F7               	movwf	main@cmd
   257                           
   258                           ;main.c: 91:             unsigned char checksum = manchester_read();
   259     07A5  27C7               	fcall	_manchester_read
   260     07A6  00F6               	movwf	main@checksum
   261     07A7                     l604:
   262                           
   263                           ;main.c: 93:             if((cmd ^ checksum) == 0xFF) {
   264     07A7  0876               	movf	main@checksum,w
   265     07A8  0677               	xorwf	main@cmd,w
   266     07A9  00F5               	movwf	??_main
   267     07AA  0A75               	incf	??_main,w
   268     07AB  1D03               	btfss	3,2
   269     07AC  2FAE               	goto	u51
   270     07AD  2FAF               	goto	u50
   271     07AE                     u51:
   272     07AE  2FC1               	goto	l614
   273     07AF                     u50:
   274     07AF                     l606:
   275                           
   276                           ;main.c: 94:                 if(cmd == 0xAA) RB7 = 1;
   277     07AF  30AA               	movlw	170
   278     07B0  0677               	xorwf	main@cmd,w
   279     07B1  1D03               	btfss	3,2
   280     07B2  2FB4               	goto	u61
   281     07B3  2FB5               	goto	u60
   282     07B4                     u61:
   283     07B4  2FB8               	goto	l610
   284     07B5                     u60:
   285     07B5                     l608:
   286     07B5  1283               	bcf	3,5	;RP0=0, select bank0
   287     07B6  1303               	bcf	3,6	;RP1=0, select bank0
   288     07B7  1786               	bsf	6,7	;volatile
   289     07B8                     l610:
   290                           
   291                           ;main.c: 95:                 if(cmd == 0x55) RB7 = 0;
   292     07B8  3055               	movlw	85
   293     07B9  0677               	xorwf	main@cmd,w
   294     07BA  1D03               	btfss	3,2
   295     07BB  2FBD               	goto	u71
   296     07BC  2FBE               	goto	u70
   297     07BD                     u71:
   298     07BD  2FC1               	goto	l614
   299     07BE                     u70:
   300     07BE                     l612:
   301     07BE  1283               	bcf	3,5	;RP0=0, select bank0
   302     07BF  1303               	bcf	3,6	;RP1=0, select bank0
   303     07C0  1386               	bcf	6,7	;volatile
   304     07C1                     l614:
   305                           
   306                           ;main.c: 98:         _delay((unsigned long)((100)*(4000000/4000000.0)));
   307     07C1  3021               	movlw	33
   308     07C2  00F5               	movwf	??_main
   309     07C3                     u87:
   310     07C3  0BF5               	decfsz	??_main,f
   311     07C4  2FC3               	goto	u87
   312     07C5  2F9D               	goto	l600
   313     07C6  2800               	ljmp	start
   314     07C7                     __end_of_main:
   315                           
   316                           	psect	text1
   317     07C7                     __ptext1:	
   318 ;; *************** function _manchester_read *****************
   319 ;; Defined at:
   320 ;;		line 70 in file "main.c"
   321 ;; Parameters:    Size  Location     Type
   322 ;;		None
   323 ;; Auto vars:     Size  Location     Type
   324 ;;  bit             1    1[COMMON] unsigned char 
   325 ;;  i               2    3[COMMON] int 
   326 ;;  data            1    2[COMMON] unsigned char 
   327 ;; Return value:  Size  Location     Type
   328 ;;                  1    wreg      unsigned char 
   329 ;; Registers used:
   330 ;;		wreg, status,2, status,0, btemp+1
   331 ;; Tracked objects:
   332 ;;		On entry : 0/0
   333 ;;		On exit  : 0/0
   334 ;;		Unchanged: 0/0
   335 ;; Data sizes:     COMMON   BANK0   BANK1   BANK2
   336 ;;      Params:         0       0       0       0
   337 ;;      Locals:         4       0       0       0
   338 ;;      Temps:          1       0       0       0
   339 ;;      Totals:         5       0       0       0
   340 ;;Total ram usage:        5 bytes
   341 ;; Hardware stack levels used: 1
   342 ;; This function calls:
   343 ;;		Nothing
   344 ;; This function is called by:
   345 ;;		_main
   346 ;; This function uses a non-reentrant model
   347 ;;
   348                           
   349     07C7                     _manchester_read:	
   350                           ;psect for function _manchester_read
   351                           
   352     07C7                     l576:	
   353                           ;incstack = 0
   354                           ; Regs used in _manchester_read: [wreg+status,2+status,0+btemp+1]
   355                           
   356                           
   357                           ;main.c: 71:     unsigned char data = 0;
   358     07C7  01F2               	clrf	manchester_read@data
   359                           
   360                           ;main.c: 72:     for(int i=0; i<8; i++) {
   361     07C8  01F3               	clrf	manchester_read@i
   362     07C9  01F4               	clrf	manchester_read@i+1
   363     07CA                     l17:
   364     07CA  1283               	bcf	3,5	;RP0=0, select bank0
   365     07CB  1303               	bcf	3,6	;RP1=0, select bank0
   366     07CC  1C05               	btfss	5,0	;volatile
   367     07CD  2FCF               	goto	u11
   368     07CE  2FD0               	goto	u10
   369     07CF                     u11:
   370     07CF  2FCA               	goto	l17
   371     07D0                     u10:
   372     07D0                     l582:
   373                           
   374                           ;main.c: 74:         _delay((unsigned long)((250)*(4000000/4000000.0)));
   375     07D0  3053               	movlw	83
   376     07D1  00F0               	movwf	??_manchester_read
   377     07D2                     u97:
   378     07D2  0BF0               	decfsz	??_manchester_read,f
   379     07D3  2FD2               	goto	u97
   380                           
   381                           ;main.c: 75:         unsigned char bit = RA0;
   382     07D4  3000               	movlw	0
   383     07D5  1283               	bcf	3,5	;RP0=0, select bank0
   384     07D6  1303               	bcf	3,6	;RP1=0, select bank0
   385     07D7  1805               	btfsc	5,0	;volatile
   386     07D8  3001               	movlw	1
   387     07D9  00F1               	movwf	manchester_read@bit
   388                           
   389                           ;main.c: 76:         _delay((unsigned long)((250)*(4000000/4000000.0)));
   390     07DA  3053               	movlw	83
   391     07DB  00F0               	movwf	??_manchester_read
   392     07DC                     u107:
   393     07DC  0BF0               	decfsz	??_manchester_read,f
   394     07DD  2FDC               	goto	u107
   395     07DE                     l584:
   396                           
   397                           ;main.c: 77:         data |= (bit << i);
   398     07DE  0871               	movf	manchester_read@bit,w
   399     07DF  00F0               	movwf	??_manchester_read
   400     07E0  0A73               	incf	manchester_read@i,w
   401     07E1  2FE4               	goto	u24
   402     07E2                     u25:
   403     07E2  1003               	clrc
   404     07E3  0DF0               	rlf	??_manchester_read,f
   405     07E4                     u24:
   406     07E4  3EFF               	addlw	-1
   407     07E5  1D03               	skipz
   408     07E6  2FE2               	goto	u25
   409     07E7  0870               	movf	??_manchester_read,w
   410     07E8  04F2               	iorwf	manchester_read@data,f
   411     07E9                     l586:
   412                           
   413                           ;main.c: 78:     }
   414     07E9  3001               	movlw	1
   415     07EA  07F3               	addwf	manchester_read@i,f
   416     07EB  1803               	skipnc
   417     07EC  0AF4               	incf	manchester_read@i+1,f
   418     07ED  3000               	movlw	0
   419     07EE  07F4               	addwf	manchester_read@i+1,f
   420     07EF                     l588:
   421     07EF  0874               	movf	manchester_read@i+1,w
   422     07F0  3A80               	xorlw	128
   423     07F1  00FF               	movwf	btemp+1
   424     07F2  3080               	movlw	128
   425     07F3  027F               	subwf	btemp+1,w
   426     07F4  1D03               	skipz
   427     07F5  2FF8               	goto	u35
   428     07F6  3008               	movlw	8
   429     07F7  0273               	subwf	manchester_read@i,w
   430     07F8                     u35:
   431     07F8  1C03               	skipc
   432     07F9  2FFB               	goto	u31
   433     07FA  2FFC               	goto	u30
   434     07FB                     u31:
   435     07FB  2FCA               	goto	l17
   436     07FC                     u30:
   437     07FC                     l590:
   438                           
   439                           ;main.c: 79:     return data;
   440     07FC  0872               	movf	manchester_read@data,w
   441     07FD                     l20:
   442     07FD  0008               	return
   443     07FE                     __end_of_manchester_read:
   444     0000                     ___latbits      equ	0
   445     007E                     btemp           set	126	;btemp
   446     007E                     wtemp0          set	126
   447                           
   448                           	psect	config
   449                           
   450                           ;Config register CONFIG @ 0x2007
   451                           ;	Oscillator Selection bits
   452                           ;	FOSC = XT, XT oscillator: Crystal/resonator on RA6/OSC2/CLKOUT and RA7/OSC1/CLKIN
   453                           ;	Watchdog Timer Enable bit
   454                           ;	WDTE = OFF, WDT disabled
   455                           ;	Power-up Timer Enable bit
   456                           ;	PWRTE = OFF, PWRT disabled
   457                           ;	RA5/MCLR/VPP Pin Function Select bit
   458                           ;	MCLRE = ON, RA5/MCLR/VPP pin function is MCLR
   459                           ;	Brown-out Detect Enable bit
   460                           ;	BOREN = OFF, BOD disabled
   461                           ;	Low-Voltage Programming Enable bit
   462                           ;	LVP = OFF, RB4/PGM pin has digital I/O function, HV on MCLR must be used for programmi
      +                          ng
   463                           ;	Data EE Memory Code Protection bit
   464                           ;	CPD = OFF, Data memory code protection off
   465                           ;	Flash Program Memory Code Protection bit
   466                           ;	CP = OFF, Code protection off
   467     2007                     	org	8199
   468     2007  3F29               	dw	16169

Data Sizes:
    Strings     0
    Constant    0
    Data        0
    BSS         0
    Persistent  0
    Stack       0

Auto Spaces:
    Space          Size  Autos    Used
    COMMON           14      8       8
    BANK0            80      0       0
    BANK1            80      0       0
    BANK2            48      0       0

Pointer List with Targets:

    None.

Critical Paths under _main in COMMON

    _main->_manchester_read

Critical Paths under _main in BANK0

    None.

Critical Paths under _main in BANK1

    None.

Critical Paths under _main in BANK2

    None.

Call Graph Tables:

 ---------------------------------------------------------------------------------
 (Depth) Function   	        Calls       Base Space   Used Autos Params    Refs
 ---------------------------------------------------------------------------------
 (0) _main                                                 3     3      0     135
                                              5 COMMON     3     3      0
                    _manchester_read
 ---------------------------------------------------------------------------------
 (1) _manchester_read                                      5     5      0      75
                                              0 COMMON     5     5      0
 ---------------------------------------------------------------------------------
 Estimated maximum stack depth 1
 ---------------------------------------------------------------------------------

 Call Graph Graphs:

 _main (ROOT)
   _manchester_read

Address spaces:
Name               Size   Autos  Total    Usage
BITCOMMON           14      0       0      0.0%
BITBANK0            80      0       0      0.0%
BITBANK1            80      0       0      0.0%
BITBANK2            48      0       0      0.0%
COMMON              14      8       8     57.1%
BANK0               80      0       0      0.0%
BANK1               80      0       0      0.0%
BANK2               48      0       0      0.0%
STACK                0      0       0      0.0%
DATA                 0      0       8      0.0%


Microchip Technology PIC Macro Assembler V3.00 build 20241204225717 
Symbol Table                                                                                   Thu May 01 09:35:33 2025

                     l20 07FD                       l17 07CA                       u10 07D0  
                     u11 07CF                       u30 07FC                       u31 07FB  
                     u24 07E4                       u40 07A3                       u25 07E2  
                     u41 07A2                       u50 07AF                       u35 07F8  
                     u51 07AE                       u60 07B5                       u61 07B4  
                     u70 07BE                       u71 07BD                       u87 07C3  
                     u97 07D2                      l600 079D                      l610 07B8  
                    l602 07A3                      l612 07BE                      l604 07A7  
                    l606 07AF                      l614 07C1                      l608 07B5  
                    l590 07FC                      l582 07D0                      l584 07DE  
                    l576 07C7                      l586 07E9                      l594 0794  
                    l588 07EF                      l596 0798                      l598 0799  
                    _RA0 0028                      _RB7 0037                      u107 07DC  
                   _main 0794                     btemp 007E                     start 0000  
           main@checksum 0076                    ?_main 0070                    _CMCON 001F  
                  _TRISA 0085                    _TRISB 0086         manchester_read@i 0073  
                  status 0003                    wtemp0 007E          __initialization 07FE  
           __end_of_main 07C7                   ??_main 0075        ??_manchester_read 0070  
__end_of__initialization 07FE           __pcstackCOMMON 0070               __pmaintext 0794  
     manchester_read@bit 0071                  __ptext1 07C7                  main@cmd 0077  
   end_of_initialization 07FE          _manchester_read 07C7      start_initialization 07FE  
__end_of_manchester_read 07FE                ___latbits 0000         ?_manchester_read 0070  
    manchester_read@data 0072  
